This file contains any messages produced by compilers while
running configure, to aid debugging if configure makes a mistake.

It was created by folly configure 15.0, which was
generated by GNU Autoconf 2.69.  Invocation command line was

  $ ./configure 

## --------- ##
## Platform. ##
## --------- ##

hostname = ultra
uname -m = x86_64
uname -r = 3.13.0-39-generic
uname -s = Linux
uname -v = #66-Ubuntu SMP Tue Oct 28 13:30:27 UTC 2014

/usr/bin/uname -p = unknown
/bin/uname -X     = unknown

/bin/arch              = unknown
/usr/bin/arch -k       = unknown
/usr/convex/getsysinfo = unknown
/usr/bin/hostinfo      = unknown
/bin/machine           = unknown
/usr/bin/oslevel       = unknown
/bin/universe          = unknown

PATH: /home/xliu/.local/bin
PATH: /home/xliu/.local/bin
PATH: /home/xliu/bin
PATH: /home/xliu/sbin
PATH: /usr/local/bin
PATH: /usr/local/sbin
PATH: /usr/sbin
PATH: /usr/bin
PATH: /sbin
PATH: /bin
PATH: /usr/games
PATH: /usr/local/games


## ----------- ##
## Core tests. ##
## ----------- ##

configure:2613: checking for a BSD-compatible install
configure:2681: result: /usr/bin/install -c
configure:2692: checking whether build environment is sane
configure:2747: result: yes
configure:2898: checking for a thread-safe mkdir -p
configure:2937: result: /bin/mkdir -p
configure:2944: checking for gawk
configure:2974: result: no
configure:2944: checking for mawk
configure:2960: found /usr/bin/mawk
configure:2971: result: mawk
configure:2982: checking whether make sets $(MAKE)
configure:3004: result: yes
configure:3033: checking whether make supports nested variables
configure:3050: result: yes
configure:3254: checking build system type
configure:3268: result: x86_64-unknown-linux-gnu
configure:3288: checking host system type
configure:3301: result: x86_64-unknown-linux-gnu
configure:3342: checking how to print strings
configure:3369: result: printf
configure:3402: checking for style of include used by make
configure:3430: result: GNU
configure:3501: checking for gcc
configure:3517: found /usr/bin/gcc
configure:3528: result: gcc
configure:3757: checking for C compiler version
configure:3766: gcc --version >&5
gcc (Ubuntu 4.8.2-19ubuntu1) 4.8.2
Copyright (C) 2013 Free Software Foundation, Inc.
This is free software; see the source for copying conditions.  There is NO
warranty; not even for MERCHANTABILITY or FITNESS FOR A PARTICULAR PURPOSE.

configure:3777: $? = 0
configure:3766: gcc -v >&5
Using built-in specs.
COLLECT_GCC=gcc
COLLECT_LTO_WRAPPER=/usr/lib/gcc/x86_64-linux-gnu/4.8/lto-wrapper
Target: x86_64-linux-gnu
Configured with: ../src/configure -v --with-pkgversion='Ubuntu 4.8.2-19ubuntu1' --with-bugurl=file:///usr/share/doc/gcc-4.8/README.Bugs --enable-languages=c,c++,java,go,d,fortran,objc,obj-c++ --prefix=/usr --program-suffix=-4.8 --enable-shared --enable-linker-build-id --libexecdir=/usr/lib --without-included-gettext --enable-threads=posix --with-gxx-include-dir=/usr/include/c++/4.8 --libdir=/usr/lib --enable-nls --with-sysroot=/ --enable-clocale=gnu --enable-libstdcxx-debug --enable-libstdcxx-time=yes --enable-gnu-unique-object --disable-libmudflap --enable-plugin --with-system-zlib --disable-browser-plugin --enable-java-awt=gtk --enable-gtk-cairo --with-java-home=/usr/lib/jvm/java-1.5.0-gcj-4.8-amd64/jre --enable-java-home --with-jvm-root-dir=/usr/lib/jvm/java-1.5.0-gcj-4.8-amd64 --with-jvm-jar-dir=/usr/lib/jvm-exports/java-1.5.0-gcj-4.8-amd64 --with-arch-directory=amd64 --with-ecj-jar=/usr/share/java/eclipse-ecj.jar --enable-objc-gc --enable-multiarch --disable-werror --with-arch-32=i686 --with-abi=m64 --with-multilib-list=m32,m64,mx32 --with-tune=generic --enable-checking=release --build=x86_64-linux-gnu --host=x86_64-linux-gnu --target=x86_64-linux-gnu
Thread model: posix
gcc version 4.8.2 (Ubuntu 4.8.2-19ubuntu1) 
configure:3777: $? = 0
configure:3766: gcc -V >&5
gcc: error: unrecognized command line option '-V'
gcc: fatal error: no input files
compilation terminated.
configure:3777: $? = 4
configure:3766: gcc -qversion >&5
gcc: error: unrecognized command line option '-qversion'
gcc: fatal error: no input files
compilation terminated.
configure:3777: $? = 4
configure:3797: checking whether the C compiler works
configure:3819: gcc    conftest.c  >&5
configure:3823: $? = 0
configure:3871: result: yes
configure:3874: checking for C compiler default output file name
configure:3876: result: a.out
configure:3882: checking for suffix of executables
configure:3889: gcc -o conftest    conftest.c  >&5
configure:3893: $? = 0
configure:3915: result: 
configure:3937: checking whether we are cross compiling
configure:3945: gcc -o conftest    conftest.c  >&5
configure:3949: $? = 0
configure:3956: ./conftest
configure:3960: $? = 0
configure:3975: result: no
configure:3980: checking for suffix of object files
configure:4002: gcc -c   conftest.c >&5
configure:4006: $? = 0
configure:4027: result: o
configure:4031: checking whether we are using the GNU C compiler
configure:4050: gcc -c   conftest.c >&5
configure:4050: $? = 0
configure:4059: result: yes
configure:4068: checking whether gcc accepts -g
configure:4088: gcc -c -g  conftest.c >&5
configure:4088: $? = 0
configure:4129: result: yes
configure:4146: checking for gcc option to accept ISO C89
configure:4209: gcc  -c -g -O2  conftest.c >&5
configure:4209: $? = 0
configure:4222: result: none needed
configure:4247: checking whether gcc understands -c and -o together
configure:4269: gcc -c conftest.c -o conftest2.o
configure:4272: $? = 0
configure:4269: gcc -c conftest.c -o conftest2.o
configure:4272: $? = 0
configure:4284: result: yes
configure:4303: checking dependency style of gcc
configure:4414: result: gcc3
configure:4429: checking for a sed that does not truncate output
configure:4493: result: /bin/sed
configure:4511: checking for grep that handles long lines and -e
configure:4569: result: /bin/grep
configure:4574: checking for egrep
configure:4636: result: /bin/grep -E
configure:4641: checking for fgrep
configure:4703: result: /bin/grep -F
configure:4738: checking for ld used by gcc
configure:4805: result: /usr/bin/ld
configure:4812: checking if the linker (/usr/bin/ld) is GNU ld
configure:4827: result: yes
configure:4839: checking for BSD- or MS-compatible name lister (nm)
configure:4888: result: /usr/bin/nm -B
configure:5018: checking the name lister (/usr/bin/nm -B) interface
configure:5025: gcc -c -g -O2  conftest.c >&5
configure:5028: /usr/bin/nm -B "conftest.o"
configure:5031: output
0000000000000000 B some_variable
configure:5038: result: BSD nm
configure:5041: checking whether ln -s works
configure:5045: result: yes
configure:5053: checking the maximum length of command line arguments
configure:5184: result: 1572864
configure:5201: checking whether the shell understands some XSI constructs
configure:5211: result: yes
configure:5215: checking whether the shell understands "+="
configure:5221: result: yes
configure:5256: checking how to convert x86_64-unknown-linux-gnu file names to x86_64-unknown-linux-gnu format
configure:5296: result: func_convert_file_noop
configure:5303: checking how to convert x86_64-unknown-linux-gnu file names to toolchain format
configure:5323: result: func_convert_file_noop
configure:5330: checking for /usr/bin/ld option to reload object files
configure:5337: result: -r
configure:5411: checking for objdump
configure:5427: found /usr/bin/objdump
configure:5438: result: objdump
configure:5470: checking how to recognize dependent libraries
configure:5668: result: pass_all
configure:5753: checking for dlltool
configure:5783: result: no
configure:5813: checking how to associate runtime and link libraries
configure:5840: result: printf %s\n
configure:5901: checking for ar
configure:5917: found /usr/bin/ar
configure:5928: result: ar
configure:5965: checking for archiver @FILE support
configure:5982: gcc -c -g -O2  conftest.c >&5
configure:5982: $? = 0
configure:5985: ar cru libconftest.a @conftest.lst >&5
configure:5988: $? = 0
configure:5993: ar cru libconftest.a @conftest.lst >&5
ar: conftest.o: No such file or directory
configure:5996: $? = 1
configure:6008: result: @
configure:6066: checking for strip
configure:6082: found /usr/bin/strip
configure:6093: result: strip
configure:6165: checking for ranlib
configure:6181: found /usr/bin/ranlib
configure:6192: result: ranlib
configure:6294: checking command to parse /usr/bin/nm -B output from gcc object
configure:6414: gcc -c -g -O2  conftest.c >&5
configure:6417: $? = 0
configure:6421: /usr/bin/nm -B conftest.o \| sed -n -e 's/^.*[ ]\([ABCDGIRSTW][ABCDGIRSTW]*\)[ ][ ]*\([_A-Za-z][_A-Za-z0-9]*\)$/\1 \2 \2/p' | sed '/ __gnu_lto/d' \> conftest.nm
configure:6424: $? = 0
configure:6490: gcc -o conftest -g -O2   conftest.c conftstm.o >&5
configure:6493: $? = 0
configure:6531: result: ok
configure:6568: checking for sysroot
configure:6598: result: no
configure:6675: gcc -c -g -O2  conftest.c >&5
configure:6678: $? = 0
configure:6867: checking for mt
configure:6883: found /bin/mt
configure:6894: result: mt
configure:6917: checking if mt is a manifest tool
configure:6923: mt '-?'
configure:6931: result: no
configure:7573: checking how to run the C preprocessor
configure:7604: gcc -E  conftest.c
configure:7604: $? = 0
configure:7618: gcc -E  conftest.c
conftest.c:11:28: fatal error: ac_nonexistent.h: No such file or directory
 #include <ac_nonexistent.h>
                            ^
compilation terminated.
configure:7618: $? = 1
configure: failed program was:
| /* confdefs.h */
| #define PACKAGE_NAME "folly"
| #define PACKAGE_TARNAME "folly"
| #define PACKAGE_VERSION "15.0"
| #define PACKAGE_STRING "folly 15.0"
| #define PACKAGE_BUGREPORT "folly@fb.com"
| #define PACKAGE_URL ""
| #define PACKAGE "folly"
| #define VERSION "15.0"
| /* end confdefs.h.  */
| #include <ac_nonexistent.h>
configure:7643: result: gcc -E
configure:7663: gcc -E  conftest.c
configure:7663: $? = 0
configure:7677: gcc -E  conftest.c
conftest.c:11:28: fatal error: ac_nonexistent.h: No such file or directory
 #include <ac_nonexistent.h>
                            ^
compilation terminated.
configure:7677: $? = 1
configure: failed program was:
| /* confdefs.h */
| #define PACKAGE_NAME "folly"
| #define PACKAGE_TARNAME "folly"
| #define PACKAGE_VERSION "15.0"
| #define PACKAGE_STRING "folly 15.0"
| #define PACKAGE_BUGREPORT "folly@fb.com"
| #define PACKAGE_URL ""
| #define PACKAGE "folly"
| #define VERSION "15.0"
| /* end confdefs.h.  */
| #include <ac_nonexistent.h>
configure:7706: checking for ANSI C header files
configure:7726: gcc -c -g -O2  conftest.c >&5
configure:7726: $? = 0
configure:7799: gcc -o conftest -g -O2   conftest.c  >&5
configure:7799: $? = 0
configure:7799: ./conftest
configure:7799: $? = 0
configure:7810: result: yes
configure:7823: checking for sys/types.h
configure:7823: gcc -c -g -O2  conftest.c >&5
configure:7823: $? = 0
configure:7823: result: yes
configure:7823: checking for sys/stat.h
configure:7823: gcc -c -g -O2  conftest.c >&5
configure:7823: $? = 0
configure:7823: result: yes
configure:7823: checking for stdlib.h
configure:7823: gcc -c -g -O2  conftest.c >&5
configure:7823: $? = 0
configure:7823: result: yes
configure:7823: checking for string.h
configure:7823: gcc -c -g -O2  conftest.c >&5
configure:7823: $? = 0
configure:7823: result: yes
configure:7823: checking for memory.h
configure:7823: gcc -c -g -O2  conftest.c >&5
configure:7823: $? = 0
configure:7823: result: yes
configure:7823: checking for strings.h
configure:7823: gcc -c -g -O2  conftest.c >&5
configure:7823: $? = 0
configure:7823: result: yes
configure:7823: checking for inttypes.h
configure:7823: gcc -c -g -O2  conftest.c >&5
configure:7823: $? = 0
configure:7823: result: yes
configure:7823: checking for stdint.h
configure:7823: gcc -c -g -O2  conftest.c >&5
configure:7823: $? = 0
configure:7823: result: yes
configure:7823: checking for unistd.h
configure:7823: gcc -c -g -O2  conftest.c >&5
configure:7823: $? = 0
configure:7823: result: yes
configure:7837: checking for dlfcn.h
configure:7837: gcc -c -g -O2  conftest.c >&5
configure:7837: $? = 0
configure:7837: result: yes
configure:8043: checking for objdir
configure:8058: result: .libs
configure:8329: checking if gcc supports -fno-rtti -fno-exceptions
configure:8347: gcc -c -g -O2  -fno-rtti -fno-exceptions conftest.c >&5
cc1: warning: command line option '-fno-rtti' is valid for C++/ObjC++ but not for C [enabled by default]
configure:8351: $? = 0
configure:8364: result: no
configure:8691: checking for gcc option to produce PIC
configure:8698: result: -fPIC -DPIC
configure:8706: checking if gcc PIC flag -fPIC -DPIC works
configure:8724: gcc -c -g -O2  -fPIC -DPIC -DPIC conftest.c >&5
configure:8728: $? = 0
configure:8741: result: yes
configure:8770: checking if gcc static flag -static works
configure:8798: result: yes
configure:8813: checking if gcc supports -c -o file.o
configure:8834: gcc -c -g -O2  -o out/conftest2.o conftest.c >&5
configure:8838: $? = 0
configure:8860: result: yes
configure:8868: checking if gcc supports -c -o file.o
configure:8915: result: yes
configure:8948: checking whether the gcc linker (/usr/bin/ld -m elf_x86_64) supports shared libraries
configure:10105: result: yes
configure:10142: checking whether -lc should be explicitly linked in
configure:10150: gcc -c -g -O2  conftest.c >&5
configure:10153: $? = 0
configure:10168: gcc -shared  -fPIC -DPIC conftest.o  -v -Wl,-soname -Wl,conftest -o conftest 2\>\&1 \| /bin/grep  -lc  \>/dev/null 2\>\&1
configure:10171: $? = 0
configure:10185: result: no
configure:10345: checking dynamic linker characteristics
configure:10845: gcc -o conftest -g -O2   -Wl,-rpath -Wl,/foo conftest.c  >&5
configure:10845: $? = 0
configure:11079: result: GNU/Linux ld.so
configure:11186: checking how to hardcode library paths into programs
configure:11211: result: immediate
configure:11751: checking whether stripping libraries is possible
configure:11756: result: yes
configure:11791: checking if libtool supports shared libraries
configure:11793: result: yes
configure:11796: checking whether to build shared libraries
configure:11817: result: yes
configure:11820: checking whether to build static libraries
configure:11824: result: yes
configure:11928: checking for g++
configure:11944: found /usr/bin/g++
configure:11955: result: g++
configure:11982: checking for C++ compiler version
configure:11991: g++ --version >&5
g++ (Ubuntu 4.8.2-19ubuntu1) 4.8.2
Copyright (C) 2013 Free Software Foundation, Inc.
This is free software; see the source for copying conditions.  There is NO
warranty; not even for MERCHANTABILITY or FITNESS FOR A PARTICULAR PURPOSE.

configure:12002: $? = 0
configure:11991: g++ -v >&5
Using built-in specs.
COLLECT_GCC=g++
COLLECT_LTO_WRAPPER=/usr/lib/gcc/x86_64-linux-gnu/4.8/lto-wrapper
Target: x86_64-linux-gnu
Configured with: ../src/configure -v --with-pkgversion='Ubuntu 4.8.2-19ubuntu1' --with-bugurl=file:///usr/share/doc/gcc-4.8/README.Bugs --enable-languages=c,c++,java,go,d,fortran,objc,obj-c++ --prefix=/usr --program-suffix=-4.8 --enable-shared --enable-linker-build-id --libexecdir=/usr/lib --without-included-gettext --enable-threads=posix --with-gxx-include-dir=/usr/include/c++/4.8 --libdir=/usr/lib --enable-nls --with-sysroot=/ --enable-clocale=gnu --enable-libstdcxx-debug --enable-libstdcxx-time=yes --enable-gnu-unique-object --disable-libmudflap --enable-plugin --with-system-zlib --disable-browser-plugin --enable-java-awt=gtk --enable-gtk-cairo --with-java-home=/usr/lib/jvm/java-1.5.0-gcj-4.8-amd64/jre --enable-java-home --with-jvm-root-dir=/usr/lib/jvm/java-1.5.0-gcj-4.8-amd64 --with-jvm-jar-dir=/usr/lib/jvm-exports/java-1.5.0-gcj-4.8-amd64 --with-arch-directory=amd64 --with-ecj-jar=/usr/share/java/eclipse-ecj.jar --enable-objc-gc --enable-multiarch --disable-werror --with-arch-32=i686 --with-abi=m64 --with-multilib-list=m32,m64,mx32 --with-tune=generic --enable-checking=release --build=x86_64-linux-gnu --host=x86_64-linux-gnu --target=x86_64-linux-gnu
Thread model: posix
gcc version 4.8.2 (Ubuntu 4.8.2-19ubuntu1) 
configure:12002: $? = 0
configure:11991: g++ -V >&5
g++: error: unrecognized command line option '-V'
g++: fatal error: no input files
compilation terminated.
configure:12002: $? = 4
configure:11991: g++ -qversion >&5
g++: error: unrecognized command line option '-qversion'
g++: fatal error: no input files
compilation terminated.
configure:12002: $? = 4
configure:12006: checking whether we are using the GNU C++ compiler
configure:12025: g++ -c   conftest.cpp >&5
configure:12025: $? = 0
configure:12034: result: yes
configure:12043: checking whether g++ accepts -g
configure:12063: g++ -c -g  conftest.cpp >&5
configure:12063: $? = 0
configure:12104: result: yes
configure:12129: checking dependency style of g++
configure:12240: result: gcc3
configure:12273: checking how to run the C++ preprocessor
configure:12300: g++ -E  conftest.cpp
configure:12300: $? = 0
configure:12314: g++ -E  conftest.cpp
conftest.cpp:23:28: fatal error: ac_nonexistent.h: No such file or directory
 #include <ac_nonexistent.h>
                            ^
compilation terminated.
configure:12314: $? = 1
configure: failed program was:
| /* confdefs.h */
| #define PACKAGE_NAME "folly"
| #define PACKAGE_TARNAME "folly"
| #define PACKAGE_VERSION "15.0"
| #define PACKAGE_STRING "folly 15.0"
| #define PACKAGE_BUGREPORT "folly@fb.com"
| #define PACKAGE_URL ""
| #define PACKAGE "folly"
| #define VERSION "15.0"
| #define STDC_HEADERS 1
| #define HAVE_SYS_TYPES_H 1
| #define HAVE_SYS_STAT_H 1
| #define HAVE_STDLIB_H 1
| #define HAVE_STRING_H 1
| #define HAVE_MEMORY_H 1
| #define HAVE_STRINGS_H 1
| #define HAVE_INTTYPES_H 1
| #define HAVE_STDINT_H 1
| #define HAVE_UNISTD_H 1
| #define HAVE_DLFCN_H 1
| #define LT_OBJDIR ".libs/"
| /* end confdefs.h.  */
| #include <ac_nonexistent.h>
configure:12339: result: g++ -E
configure:12359: g++ -E  conftest.cpp
configure:12359: $? = 0
configure:12373: g++ -E  conftest.cpp
conftest.cpp:23:28: fatal error: ac_nonexistent.h: No such file or directory
 #include <ac_nonexistent.h>
                            ^
compilation terminated.
configure:12373: $? = 1
configure: failed program was:
| /* confdefs.h */
| #define PACKAGE_NAME "folly"
| #define PACKAGE_TARNAME "folly"
| #define PACKAGE_VERSION "15.0"
| #define PACKAGE_STRING "folly 15.0"
| #define PACKAGE_BUGREPORT "folly@fb.com"
| #define PACKAGE_URL ""
| #define PACKAGE "folly"
| #define VERSION "15.0"
| #define STDC_HEADERS 1
| #define HAVE_SYS_TYPES_H 1
| #define HAVE_SYS_STAT_H 1
| #define HAVE_STDLIB_H 1
| #define HAVE_STRING_H 1
| #define HAVE_MEMORY_H 1
| #define HAVE_STRINGS_H 1
| #define HAVE_INTTYPES_H 1
| #define HAVE_STDINT_H 1
| #define HAVE_UNISTD_H 1
| #define HAVE_DLFCN_H 1
| #define LT_OBJDIR ".libs/"
| /* end confdefs.h.  */
| #include <ac_nonexistent.h>
configure:12542: checking for ld used by g++
configure:12609: result: /usr/bin/ld -m elf_x86_64
configure:12616: checking if the linker (/usr/bin/ld -m elf_x86_64) is GNU ld
configure:12631: result: yes
configure:12686: checking whether the g++ linker (/usr/bin/ld -m elf_x86_64) supports shared libraries
configure:13688: result: yes
configure:13724: g++ -c -g -O2  conftest.cpp >&5
configure:13727: $? = 0
configure:14247: checking for g++ option to produce PIC
configure:14254: result: -fPIC -DPIC
configure:14262: checking if g++ PIC flag -fPIC -DPIC works
configure:14280: g++ -c -g -O2  -fPIC -DPIC -DPIC conftest.cpp >&5
configure:14284: $? = 0
configure:14297: result: yes
configure:14320: checking if g++ static flag -static works
configure:14348: result: yes
configure:14360: checking if g++ supports -c -o file.o
configure:14381: g++ -c -g -O2  -o out/conftest2.o conftest.cpp >&5
configure:14385: $? = 0
configure:14407: result: yes
configure:14412: checking if g++ supports -c -o file.o
configure:14459: result: yes
configure:14489: checking whether the g++ linker (/usr/bin/ld -m elf_x86_64) supports shared libraries
configure:14528: result: yes
configure:14669: checking dynamic linker characteristics
configure:15337: result: GNU/Linux ld.so
configure:15390: checking how to hardcode library paths into programs
configure:15415: result: immediate
configure:15503: checking for gcc
configure:15530: result: gcc
configure:15759: checking for C compiler version
configure:15768: gcc --version >&5
gcc (Ubuntu 4.8.2-19ubuntu1) 4.8.2
Copyright (C) 2013 Free Software Foundation, Inc.
This is free software; see the source for copying conditions.  There is NO
warranty; not even for MERCHANTABILITY or FITNESS FOR A PARTICULAR PURPOSE.

configure:15779: $? = 0
configure:15768: gcc -v >&5
Using built-in specs.
COLLECT_GCC=gcc
COLLECT_LTO_WRAPPER=/usr/lib/gcc/x86_64-linux-gnu/4.8/lto-wrapper
Target: x86_64-linux-gnu
Configured with: ../src/configure -v --with-pkgversion='Ubuntu 4.8.2-19ubuntu1' --with-bugurl=file:///usr/share/doc/gcc-4.8/README.Bugs --enable-languages=c,c++,java,go,d,fortran,objc,obj-c++ --prefix=/usr --program-suffix=-4.8 --enable-shared --enable-linker-build-id --libexecdir=/usr/lib --without-included-gettext --enable-threads=posix --with-gxx-include-dir=/usr/include/c++/4.8 --libdir=/usr/lib --enable-nls --with-sysroot=/ --enable-clocale=gnu --enable-libstdcxx-debug --enable-libstdcxx-time=yes --enable-gnu-unique-object --disable-libmudflap --enable-plugin --with-system-zlib --disable-browser-plugin --enable-java-awt=gtk --enable-gtk-cairo --with-java-home=/usr/lib/jvm/java-1.5.0-gcj-4.8-amd64/jre --enable-java-home --with-jvm-root-dir=/usr/lib/jvm/java-1.5.0-gcj-4.8-amd64 --with-jvm-jar-dir=/usr/lib/jvm-exports/java-1.5.0-gcj-4.8-amd64 --with-arch-directory=amd64 --with-ecj-jar=/usr/share/java/eclipse-ecj.jar --enable-objc-gc --enable-multiarch --disable-werror --with-arch-32=i686 --with-abi=m64 --with-multilib-list=m32,m64,mx32 --with-tune=generic --enable-checking=release --build=x86_64-linux-gnu --host=x86_64-linux-gnu --target=x86_64-linux-gnu
Thread model: posix
gcc version 4.8.2 (Ubuntu 4.8.2-19ubuntu1) 
configure:15779: $? = 0
configure:15768: gcc -V >&5
gcc: error: unrecognized command line option '-V'
gcc: fatal error: no input files
compilation terminated.
configure:15779: $? = 4
configure:15768: gcc -qversion >&5
gcc: error: unrecognized command line option '-qversion'
gcc: fatal error: no input files
compilation terminated.
configure:15779: $? = 4
configure:15783: checking whether we are using the GNU C compiler
configure:15811: result: yes
configure:15820: checking whether gcc accepts -g
configure:15881: result: yes
configure:15898: checking for gcc option to accept ISO C89
configure:15974: result: none needed
configure:15999: checking whether gcc understands -c and -o together
configure:16036: result: yes
configure:16055: checking dependency style of gcc
configure:16166: result: gcc3
configure:16182: checking if g++ supports C++0x features without additional flags
configure:16219: g++ -c -g -O2  conftest.cpp >&5
conftest.cpp:27:21: error: expected identifier before 'sizeof'
       static_assert(sizeof(int) <= sizeof(T), "not big enough");
                     ^
conftest.cpp:27:21: error: expected ',' or '...' before 'sizeof'
conftest.cpp:27:63: error: ISO C++ forbids declaration of 'static_assert' with no type [-fpermissive]
       static_assert(sizeof(int) <= sizeof(T), "not big enough");
                                                               ^
conftest.cpp:30:29: error: '>>' should be '> >' within a nested template argument list
     typedef check<check<bool>> right_angle_brackets;
                             ^
conftest.cpp:33:13: error: expected constructor, destructor, or type conversion before '(' token
     decltype(a) b;
             ^
conftest.cpp:37:15: error: expected unqualified-id before '&&' token
     check_type&& cr = static_cast<check_type&&>(c);
               ^
configure:16219: $? = 1
configure: failed program was:
| /* confdefs.h */
| #define PACKAGE_NAME "folly"
| #define PACKAGE_TARNAME "folly"
| #define PACKAGE_VERSION "15.0"
| #define PACKAGE_STRING "folly 15.0"
| #define PACKAGE_BUGREPORT "folly@fb.com"
| #define PACKAGE_URL ""
| #define PACKAGE "folly"
| #define VERSION "15.0"
| #define STDC_HEADERS 1
| #define HAVE_SYS_TYPES_H 1
| #define HAVE_SYS_STAT_H 1
| #define HAVE_STDLIB_H 1
| #define HAVE_STRING_H 1
| #define HAVE_MEMORY_H 1
| #define HAVE_STRINGS_H 1
| #define HAVE_INTTYPES_H 1
| #define HAVE_STDINT_H 1
| #define HAVE_UNISTD_H 1
| #define HAVE_DLFCN_H 1
| #define LT_OBJDIR ".libs/"
| /* end confdefs.h.  */
| 
|   template <typename T>
|     struct check
|     {
|       static_assert(sizeof(int) <= sizeof(T), "not big enough");
|     };
| 
|     typedef check<check<bool>> right_angle_brackets;
| 
|     int a;
|     decltype(a) b;
| 
|     typedef check<int> check_type;
|     check_type c;
|     check_type&& cr = static_cast<check_type&&>(c);
| int
| main ()
| {
| 
|   ;
|   return 0;
| }
configure:16233: result: no
configure:16236: checking if g++ supports C++0x features with -std=c++0x
configure:16275: g++ -c -g -O2 -std=c++0x  conftest.cpp >&5
configure:16275: $? = 0
configure:16290: result: yes
configure:16293: checking if g++ supports C++0x features with -std=gnu++0x
configure:16332: g++ -c -g -O2 -std=gnu++0x  conftest.cpp >&5
configure:16332: $? = 0
configure:16347: result: yes
configure:16376: checking for openlog in -lglog
configure:16401: g++ -o conftest -std=gnu++0x -g -O2   conftest.cpp -lglog   >&5
configure:16401: $? = 0
configure:16410: result: yes
configure:16423: checking for getenv in -lgflags
configure:16448: g++ -o conftest -std=gnu++0x -g -O2   conftest.cpp -lgflags  -lglog  >&5
configure:16448: $? = 0
configure:16457: result: yes
configure:16471: checking for SSL_ctrl in -lssl
configure:16496: g++ -o conftest -std=gnu++0x -g -O2   conftest.cpp -lssl  -lgflags -lglog  >&5
configure:16496: $? = 0
configure:16505: result: yes
configure:16568: checking for boostlib >= 1.20.0
configure:16648: g++ -c -std=gnu++0x -g -O2  -I/usr/include conftest.cpp >&5
configure:16648: $? = 0
configure:16650: result: yes
configure:16828: checking whether the Boost::Thread library is available
configure:16860: g++ -c -pthread -std=gnu++0x -g -O2  -I/usr/include conftest.cpp >&5
configure:16860: $? = 0
configure:16875: result: yes
configure:16904: checking for exit in -lboost_thread
configure:16929: g++ -o conftest -std=gnu++0x -g -O2  -I/usr/include  -L/usr/lib/x86_64-linux-gnu conftest.cpp -lboost_thread  -lssl -lgflags -lglog  >&5
configure:16929: $? = 0
configure:16939: result: yes
configure:17098: checking whether the Boost::Regex library is available
configure:17121: g++ -c -std=gnu++0x -g -O2  -pthread -I/usr/include conftest.cpp >&5
configure:17121: $? = 0
configure:17135: result: yes
configure:17146: checking for exit in -lboost_regex
configure:17171: g++ -o conftest -std=gnu++0x -g -O2  -pthread -I/usr/include  -L/usr/lib/x86_64-linux-gnu conftest.cpp -lboost_regex  -lssl -lgflags -lglog  >&5
configure:17171: $? = 0
configure:17181: result: yes
configure:17326: checking whether the Boost::System library is available
configure:17350: g++ -c -std=gnu++0x -g -O2  -pthread -I/usr/include conftest.cpp >&5
configure:17350: $? = 0
configure:17365: result: yes
configure:17380: checking for exit in -lboost_system
configure:17405: g++ -o conftest -std=gnu++0x -g -O2  -pthread -I/usr/include  -L/usr/lib/x86_64-linux-gnu conftest.cpp -lboost_system  -lssl -lgflags -lglog  >&5
configure:17405: $? = 0
configure:17415: result: yes
configure:17570: checking whether the Boost::Filesystem library is available
configure:17594: g++ -c -std=gnu++0x -g -O2  -pthread -I/usr/include conftest.cpp >&5
configure:17594: $? = 0
configure:17608: result: yes
configure:17619: checking for exit in -lboost_filesystem
configure:17644: g++ -o conftest -std=gnu++0x -g -O2  -pthread -I/usr/include  -L/usr/lib/x86_64-linux-gnu conftest.cpp -lboost_filesystem  -lssl -lgflags -lglog  -lboost_system >&5
configure:17644: $? = 0
configure:17654: result: yes
configure:17777: checking for ANSI C header files
configure:17881: result: yes
configure:17892: checking fcntl.h usability
configure:17892: g++ -c -std=gnu++0x -g -O2  conftest.cpp >&5
configure:17892: $? = 0
configure:17892: result: yes
configure:17892: checking fcntl.h presence
configure:17892: g++ -E  conftest.cpp
configure:17892: $? = 0
configure:17892: result: yes
configure:17892: checking for fcntl.h
configure:17892: result: yes
configure:17892: checking features.h usability
configure:17892: g++ -c -std=gnu++0x -g -O2  conftest.cpp >&5
configure:17892: $? = 0
configure:17892: result: yes
configure:17892: checking features.h presence
configure:17892: g++ -E  conftest.cpp
configure:17892: $? = 0
configure:17892: result: yes
configure:17892: checking for features.h
configure:17892: result: yes
configure:17892: checking for inttypes.h
configure:17892: result: yes
configure:17892: checking limits.h usability
configure:17892: g++ -c -std=gnu++0x -g -O2  conftest.cpp >&5
configure:17892: $? = 0
configure:17892: result: yes
configure:17892: checking limits.h presence
configure:17892: g++ -E  conftest.cpp
configure:17892: $? = 0
configure:17892: result: yes
configure:17892: checking for limits.h
configure:17892: result: yes
configure:17892: checking for stdint.h
configure:17892: result: yes
configure:17892: checking for stdlib.h
configure:17892: result: yes
configure:17892: checking for string.h
configure:17892: result: yes
configure:17892: checking sys/time.h usability
configure:17892: g++ -c -std=gnu++0x -g -O2  conftest.cpp >&5
configure:17892: $? = 0
configure:17892: result: yes
configure:17892: checking sys/time.h presence
configure:17892: g++ -E  conftest.cpp
configure:17892: $? = 0
configure:17892: result: yes
configure:17892: checking for sys/time.h
configure:17892: result: yes
configure:17892: checking for unistd.h
configure:17892: result: yes
configure:17892: checking mutex.h usability
configure:17892: g++ -c -std=gnu++0x -g -O2  conftest.cpp >&5
conftest.cpp:75:19: fatal error: mutex.h: No such file or directory
 #include <mutex.h>
                   ^
compilation terminated.
configure:17892: $? = 1
configure: failed program was:
| /* confdefs.h */
| #define PACKAGE_NAME "folly"
| #define PACKAGE_TARNAME "folly"
| #define PACKAGE_VERSION "15.0"
| #define PACKAGE_STRING "folly 15.0"
| #define PACKAGE_BUGREPORT "folly@fb.com"
| #define PACKAGE_URL ""
| #define PACKAGE "folly"
| #define VERSION "15.0"
| #define STDC_HEADERS 1
| #define HAVE_SYS_TYPES_H 1
| #define HAVE_SYS_STAT_H 1
| #define HAVE_STDLIB_H 1
| #define HAVE_STRING_H 1
| #define HAVE_MEMORY_H 1
| #define HAVE_STRINGS_H 1
| #define HAVE_INTTYPES_H 1
| #define HAVE_STDINT_H 1
| #define HAVE_UNISTD_H 1
| #define HAVE_DLFCN_H 1
| #define LT_OBJDIR ".libs/"
| #define HAVE_STDCXX_0X /**/
| #define HAVE_LIBGLOG 1
| #define HAVE_LIBGFLAGS 1
| #define HAVE_LIBSSL 1
| #define HAVE_BOOST /**/
| #define HAVE_BOOST_THREAD /**/
| #define HAVE_BOOST_REGEX /**/
| #define HAVE_BOOST_SYSTEM /**/
| #define HAVE_BOOST_FILESYSTEM /**/
| #define STDC_HEADERS 1
| #define HAVE_FCNTL_H 1
| #define HAVE_FEATURES_H 1
| #define HAVE_INTTYPES_H 1
| #define HAVE_LIMITS_H 1
| #define HAVE_STDINT_H 1
| #define HAVE_STDLIB_H 1
| #define HAVE_STRING_H 1
| #define HAVE_SYS_TIME_H 1
| #define HAVE_UNISTD_H 1
| /* end confdefs.h.  */
| #include <stdio.h>
| #ifdef HAVE_SYS_TYPES_H
| # include <sys/types.h>
| #endif
| #ifdef HAVE_SYS_STAT_H
| # include <sys/stat.h>
| #endif
| #ifdef STDC_HEADERS
| # include <stdlib.h>
| # include <stddef.h>
| #else
| # ifdef HAVE_STDLIB_H
| #  include <stdlib.h>
| # endif
| #endif
| #ifdef HAVE_STRING_H
| # if !defined STDC_HEADERS && defined HAVE_MEMORY_H
| #  include <memory.h>
| # endif
| # include <string.h>
| #endif
| #ifdef HAVE_STRINGS_H
| # include <strings.h>
| #endif
| #ifdef HAVE_INTTYPES_H
| # include <inttypes.h>
| #endif
| #ifdef HAVE_STDINT_H
| # include <stdint.h>
| #endif
| #ifdef HAVE_UNISTD_H
| # include <unistd.h>
| #endif
| #include <mutex.h>
configure:17892: result: no
configure:17892: checking mutex.h presence
configure:17892: g++ -E  conftest.cpp
conftest.cpp:42:19: fatal error: mutex.h: No such file or directory
 #include <mutex.h>
                   ^
compilation terminated.
configure:17892: $? = 1
configure: failed program was:
| /* confdefs.h */
| #define PACKAGE_NAME "folly"
| #define PACKAGE_TARNAME "folly"
| #define PACKAGE_VERSION "15.0"
| #define PACKAGE_STRING "folly 15.0"
| #define PACKAGE_BUGREPORT "folly@fb.com"
| #define PACKAGE_URL ""
| #define PACKAGE "folly"
| #define VERSION "15.0"
| #define STDC_HEADERS 1
| #define HAVE_SYS_TYPES_H 1
| #define HAVE_SYS_STAT_H 1
| #define HAVE_STDLIB_H 1
| #define HAVE_STRING_H 1
| #define HAVE_MEMORY_H 1
| #define HAVE_STRINGS_H 1
| #define HAVE_INTTYPES_H 1
| #define HAVE_STDINT_H 1
| #define HAVE_UNISTD_H 1
| #define HAVE_DLFCN_H 1
| #define LT_OBJDIR ".libs/"
| #define HAVE_STDCXX_0X /**/
| #define HAVE_LIBGLOG 1
| #define HAVE_LIBGFLAGS 1
| #define HAVE_LIBSSL 1
| #define HAVE_BOOST /**/
| #define HAVE_BOOST_THREAD /**/
| #define HAVE_BOOST_REGEX /**/
| #define HAVE_BOOST_SYSTEM /**/
| #define HAVE_BOOST_FILESYSTEM /**/
| #define STDC_HEADERS 1
| #define HAVE_FCNTL_H 1
| #define HAVE_FEATURES_H 1
| #define HAVE_INTTYPES_H 1
| #define HAVE_LIMITS_H 1
| #define HAVE_STDINT_H 1
| #define HAVE_STDLIB_H 1
| #define HAVE_STRING_H 1
| #define HAVE_SYS_TIME_H 1
| #define HAVE_UNISTD_H 1
| /* end confdefs.h.  */
| #include <mutex.h>
configure:17892: result: no
configure:17892: checking for mutex.h
configure:17892: result: no
configure:17892: checking malloc.h usability
configure:17892: g++ -c -std=gnu++0x -g -O2  conftest.cpp >&5
configure:17892: $? = 0
configure:17892: result: yes
configure:17892: checking malloc.h presence
configure:17892: g++ -E  conftest.cpp
configure:17892: $? = 0
configure:17892: result: yes
configure:17892: checking for malloc.h
configure:17892: result: yes
configure:17892: checking emmintrin.h usability
configure:17892: g++ -c -std=gnu++0x -g -O2  conftest.cpp >&5
configure:17892: $? = 0
configure:17892: result: yes
configure:17892: checking emmintrin.h presence
configure:17892: g++ -E  conftest.cpp
configure:17892: $? = 0
configure:17892: result: yes
configure:17892: checking for emmintrin.h
configure:17892: result: yes
configure:17892: checking byteswap.h usability
configure:17892: g++ -c -std=gnu++0x -g -O2  conftest.cpp >&5
configure:17892: $? = 0
configure:17892: result: yes
configure:17892: checking byteswap.h presence
configure:17892: g++ -E  conftest.cpp
configure:17892: $? = 0
configure:17892: result: yes
configure:17892: checking for byteswap.h
configure:17892: result: yes
configure:17892: checking bits/functexcept.h usability
configure:17892: g++ -c -std=gnu++0x -g -O2  conftest.cpp >&5
configure:17892: $? = 0
configure:17892: result: yes
configure:17892: checking bits/functexcept.h presence
configure:17892: g++ -E  conftest.cpp
configure:17892: $? = 0
configure:17892: result: yes
configure:17892: checking for bits/functexcept.h
configure:17892: result: yes
configure:17892: checking bits/c++config.h usability
configure:17892: g++ -c -std=gnu++0x -g -O2  conftest.cpp >&5
configure:17892: $? = 0
configure:17892: result: yes
configure:17892: checking bits/c++config.h presence
configure:17892: g++ -E  conftest.cpp
configure:17892: $? = 0
configure:17892: result: yes
configure:17892: checking for bits/c++config.h
configure:17892: result: yes
configure:17903: checking double-conversion/double-conversion.h usability
configure:17903: g++ -c -std=gnu++0x -g -O2  conftest.cpp >&5
configure:17903: $? = 0
configure:17903: result: yes
configure:17903: checking double-conversion/double-conversion.h presence
configure:17903: g++ -E  conftest.cpp
configure:17903: $? = 0
configure:17903: result: yes
configure:17903: checking for double-conversion/double-conversion.h
configure:17903: result: yes
configure:17912: checking for ceil in -ldouble-conversion
configure:17937: g++ -o conftest -std=gnu++0x -g -O2   conftest.cpp -ldouble-conversion  -lssl -lgflags -lglog  >&5
configure:17937: $? = 0
configure:17946: result: yes
configure:17960: checking for event_set in -levent
configure:17985: g++ -o conftest -std=gnu++0x -g -O2   conftest.cpp -levent  -ldouble-conversion -lssl -lgflags -lglog  >&5
configure:17985: $? = 0
configure:17994: result: yes
configure:18008: checking for xallocx in -ljemalloc
configure:18033: g++ -o conftest -std=gnu++0x -g -O2   conftest.cpp -ljemalloc  -levent -ldouble-conversion -lssl -lgflags -lglog  >&5
configure:18033: $? = 0
configure:18042: result: yes
configure:18055: checking for stdbool.h that conforms to C99
configure:18122: g++ -c -std=gnu++0x -g -O2  conftest.cpp >&5
configure:18122: $? = 0
configure:18129: result: yes
configure:18131: checking for _Bool
configure:18131: g++ -c -std=gnu++0x -g -O2  conftest.cpp >&5
conftest.cpp: In function 'int main()':
conftest.cpp:86:13: error: '_Bool' was not declared in this scope
 if (sizeof (_Bool))
             ^
configure:18131: $? = 1
configure: failed program was:
| /* confdefs.h */
| #define PACKAGE_NAME "folly"
| #define PACKAGE_TARNAME "folly"
| #define PACKAGE_VERSION "15.0"
| #define PACKAGE_STRING "folly 15.0"
| #define PACKAGE_BUGREPORT "folly@fb.com"
| #define PACKAGE_URL ""
| #define PACKAGE "folly"
| #define VERSION "15.0"
| #define STDC_HEADERS 1
| #define HAVE_SYS_TYPES_H 1
| #define HAVE_SYS_STAT_H 1
| #define HAVE_STDLIB_H 1
| #define HAVE_STRING_H 1
| #define HAVE_MEMORY_H 1
| #define HAVE_STRINGS_H 1
| #define HAVE_INTTYPES_H 1
| #define HAVE_STDINT_H 1
| #define HAVE_UNISTD_H 1
| #define HAVE_DLFCN_H 1
| #define LT_OBJDIR ".libs/"
| #define HAVE_STDCXX_0X /**/
| #define HAVE_LIBGLOG 1
| #define HAVE_LIBGFLAGS 1
| #define HAVE_LIBSSL 1
| #define HAVE_BOOST /**/
| #define HAVE_BOOST_THREAD /**/
| #define HAVE_BOOST_REGEX /**/
| #define HAVE_BOOST_SYSTEM /**/
| #define HAVE_BOOST_FILESYSTEM /**/
| #define STDC_HEADERS 1
| #define HAVE_FCNTL_H 1
| #define HAVE_FEATURES_H 1
| #define HAVE_INTTYPES_H 1
| #define HAVE_LIMITS_H 1
| #define HAVE_STDINT_H 1
| #define HAVE_STDLIB_H 1
| #define HAVE_STRING_H 1
| #define HAVE_SYS_TIME_H 1
| #define HAVE_UNISTD_H 1
| #define HAVE_MALLOC_H 1
| #define HAVE_EMMINTRIN_H 1
| #define HAVE_BYTESWAP_H 1
| #define HAVE_BITS_FUNCTEXCEPT_H 1
| #define HAVE_BITS_C__CONFIG_H 1
| #define HAVE_LIBDOUBLE_CONVERSION 1
| #define HAVE_LIBEVENT 1
| #define HAVE_LIBJEMALLOC 1
| /* end confdefs.h.  */
| #include <stdio.h>
| #ifdef HAVE_SYS_TYPES_H
| # include <sys/types.h>
| #endif
| #ifdef HAVE_SYS_STAT_H
| # include <sys/stat.h>
| #endif
| #ifdef STDC_HEADERS
| # include <stdlib.h>
| # include <stddef.h>
| #else
| # ifdef HAVE_STDLIB_H
| #  include <stdlib.h>
| # endif
| #endif
| #ifdef HAVE_STRING_H
| # if !defined STDC_HEADERS && defined HAVE_MEMORY_H
| #  include <memory.h>
| # endif
| # include <string.h>
| #endif
| #ifdef HAVE_STRINGS_H
| # include <strings.h>
| #endif
| #ifdef HAVE_INTTYPES_H
| # include <inttypes.h>
| #endif
| #ifdef HAVE_STDINT_H
| # include <stdint.h>
| #endif
| #ifdef HAVE_UNISTD_H
| # include <unistd.h>
| #endif
| int
| main ()
| {
| if (sizeof (_Bool))
| 	 return 0;
|   ;
|   return 0;
| }
configure:18131: result: no
configure:18148: checking for an ANSI C-conforming const
configure:18214: g++ -c -std=gnu++0x -g -O2  conftest.cpp >&5
configure:18214: $? = 0
configure:18221: result: yes
configure:18229: checking for inline
configure:18245: g++ -c -std=gnu++0x -g -O2  conftest.cpp >&5
configure:18245: $? = 0
configure:18253: result: inline
configure:18271: checking for size_t
configure:18271: g++ -c -std=gnu++0x -g -O2  conftest.cpp >&5
configure:18271: $? = 0
configure:18271: g++ -c -std=gnu++0x -g -O2  conftest.cpp >&5
conftest.cpp: In function 'int main()':
conftest.cpp:87:20: error: expected primary-expression before ')' token
 if (sizeof ((size_t)))
                    ^
configure:18271: $? = 1
configure: failed program was:
| /* confdefs.h */
| #define PACKAGE_NAME "folly"
| #define PACKAGE_TARNAME "folly"
| #define PACKAGE_VERSION "15.0"
| #define PACKAGE_STRING "folly 15.0"
| #define PACKAGE_BUGREPORT "folly@fb.com"
| #define PACKAGE_URL ""
| #define PACKAGE "folly"
| #define VERSION "15.0"
| #define STDC_HEADERS 1
| #define HAVE_SYS_TYPES_H 1
| #define HAVE_SYS_STAT_H 1
| #define HAVE_STDLIB_H 1
| #define HAVE_STRING_H 1
| #define HAVE_MEMORY_H 1
| #define HAVE_STRINGS_H 1
| #define HAVE_INTTYPES_H 1
| #define HAVE_STDINT_H 1
| #define HAVE_UNISTD_H 1
| #define HAVE_DLFCN_H 1
| #define LT_OBJDIR ".libs/"
| #define HAVE_STDCXX_0X /**/
| #define HAVE_LIBGLOG 1
| #define HAVE_LIBGFLAGS 1
| #define HAVE_LIBSSL 1
| #define HAVE_BOOST /**/
| #define HAVE_BOOST_THREAD /**/
| #define HAVE_BOOST_REGEX /**/
| #define HAVE_BOOST_SYSTEM /**/
| #define HAVE_BOOST_FILESYSTEM /**/
| #define STDC_HEADERS 1
| #define HAVE_FCNTL_H 1
| #define HAVE_FEATURES_H 1
| #define HAVE_INTTYPES_H 1
| #define HAVE_LIMITS_H 1
| #define HAVE_STDINT_H 1
| #define HAVE_STDLIB_H 1
| #define HAVE_STRING_H 1
| #define HAVE_SYS_TIME_H 1
| #define HAVE_UNISTD_H 1
| #define HAVE_MALLOC_H 1
| #define HAVE_EMMINTRIN_H 1
| #define HAVE_BYTESWAP_H 1
| #define HAVE_BITS_FUNCTEXCEPT_H 1
| #define HAVE_BITS_C__CONFIG_H 1
| #define HAVE_LIBDOUBLE_CONVERSION 1
| #define HAVE_LIBEVENT 1
| #define HAVE_LIBJEMALLOC 1
| #define HAVE_STDBOOL_H 1
| /* end confdefs.h.  */
| #include <stdio.h>
| #ifdef HAVE_SYS_TYPES_H
| # include <sys/types.h>
| #endif
| #ifdef HAVE_SYS_STAT_H
| # include <sys/stat.h>
| #endif
| #ifdef STDC_HEADERS
| # include <stdlib.h>
| # include <stddef.h>
| #else
| # ifdef HAVE_STDLIB_H
| #  include <stdlib.h>
| # endif
| #endif
| #ifdef HAVE_STRING_H
| # if !defined STDC_HEADERS && defined HAVE_MEMORY_H
| #  include <memory.h>
| # endif
| # include <string.h>
| #endif
| #ifdef HAVE_STRINGS_H
| # include <strings.h>
| #endif
| #ifdef HAVE_INTTYPES_H
| # include <inttypes.h>
| #endif
| #ifdef HAVE_STDINT_H
| # include <stdint.h>
| #endif
| #ifdef HAVE_UNISTD_H
| # include <unistd.h>
| #endif
| int
| main ()
| {
| if (sizeof ((size_t)))
| 	    return 0;
|   ;
|   return 0;
| }
configure:18271: result: yes
configure:18282: checking whether time.h and sys/time.h may both be included
configure:18302: g++ -c -std=gnu++0x -g -O2  conftest.cpp >&5
configure:18302: $? = 0
configure:18309: result: yes
configure:18317: checking for working volatile
configure:18336: g++ -c -std=gnu++0x -g -O2  conftest.cpp >&5
configure:18336: $? = 0
configure:18343: result: yes
configure:18351: checking for __int128
configure:18351: g++ -c -std=gnu++0x -g -O2  conftest.cpp >&5
configure:18351: $? = 0
configure:18351: g++ -c -std=gnu++0x -g -O2  conftest.cpp >&5
conftest.cpp: In function 'int main()':
conftest.cpp:88:14: error: expected primary-expression before '__int128'
 if (sizeof ((__int128)))
              ^
conftest.cpp:88:14: error: expected ')' before '__int128'
conftest.cpp:89:14: error: expected ')' before ';' token
      return 0;
              ^
conftest.cpp:89:14: error: expected ')' before ';' token
configure:18351: $? = 1
configure: failed program was:
| /* confdefs.h */
| #define PACKAGE_NAME "folly"
| #define PACKAGE_TARNAME "folly"
| #define PACKAGE_VERSION "15.0"
| #define PACKAGE_STRING "folly 15.0"
| #define PACKAGE_BUGREPORT "folly@fb.com"
| #define PACKAGE_URL ""
| #define PACKAGE "folly"
| #define VERSION "15.0"
| #define STDC_HEADERS 1
| #define HAVE_SYS_TYPES_H 1
| #define HAVE_SYS_STAT_H 1
| #define HAVE_STDLIB_H 1
| #define HAVE_STRING_H 1
| #define HAVE_MEMORY_H 1
| #define HAVE_STRINGS_H 1
| #define HAVE_INTTYPES_H 1
| #define HAVE_STDINT_H 1
| #define HAVE_UNISTD_H 1
| #define HAVE_DLFCN_H 1
| #define LT_OBJDIR ".libs/"
| #define HAVE_STDCXX_0X /**/
| #define HAVE_LIBGLOG 1
| #define HAVE_LIBGFLAGS 1
| #define HAVE_LIBSSL 1
| #define HAVE_BOOST /**/
| #define HAVE_BOOST_THREAD /**/
| #define HAVE_BOOST_REGEX /**/
| #define HAVE_BOOST_SYSTEM /**/
| #define HAVE_BOOST_FILESYSTEM /**/
| #define STDC_HEADERS 1
| #define HAVE_FCNTL_H 1
| #define HAVE_FEATURES_H 1
| #define HAVE_INTTYPES_H 1
| #define HAVE_LIMITS_H 1
| #define HAVE_STDINT_H 1
| #define HAVE_STDLIB_H 1
| #define HAVE_STRING_H 1
| #define HAVE_SYS_TIME_H 1
| #define HAVE_UNISTD_H 1
| #define HAVE_MALLOC_H 1
| #define HAVE_EMMINTRIN_H 1
| #define HAVE_BYTESWAP_H 1
| #define HAVE_BITS_FUNCTEXCEPT_H 1
| #define HAVE_BITS_C__CONFIG_H 1
| #define HAVE_LIBDOUBLE_CONVERSION 1
| #define HAVE_LIBEVENT 1
| #define HAVE_LIBJEMALLOC 1
| #define HAVE_STDBOOL_H 1
| #define TIME_WITH_SYS_TIME 1
| /* end confdefs.h.  */
| #include <stdio.h>
| #ifdef HAVE_SYS_TYPES_H
| # include <sys/types.h>
| #endif
| #ifdef HAVE_SYS_STAT_H
| # include <sys/stat.h>
| #endif
| #ifdef STDC_HEADERS
| # include <stdlib.h>
| # include <stddef.h>
| #else
| # ifdef HAVE_STDLIB_H
| #  include <stdlib.h>
| # endif
| #endif
| #ifdef HAVE_STRING_H
| # if !defined STDC_HEADERS && defined HAVE_MEMORY_H
| #  include <memory.h>
| # endif
| # include <string.h>
| #endif
| #ifdef HAVE_STRINGS_H
| # include <strings.h>
| #endif
| #ifdef HAVE_INTTYPES_H
| # include <inttypes.h>
| #endif
| #ifdef HAVE_STDINT_H
| # include <stdint.h>
| #endif
| #ifdef HAVE_UNISTD_H
| # include <unistd.h>
| #endif
| int
| main ()
| {
| if (sizeof ((__int128)))
| 	    return 0;
|   ;
|   return 0;
| }
configure:18351: result: yes
configure:18362: checking for ptrdiff_t
configure:18362: g++ -c -std=gnu++0x -g -O2  conftest.cpp >&5
configure:18362: $? = 0
configure:18362: g++ -c -std=gnu++0x -g -O2  conftest.cpp >&5
conftest.cpp: In function 'int main()':
conftest.cpp:89:23: error: expected primary-expression before ')' token
 if (sizeof ((ptrdiff_t)))
                       ^
configure:18362: $? = 1
configure: failed program was:
| /* confdefs.h */
| #define PACKAGE_NAME "folly"
| #define PACKAGE_TARNAME "folly"
| #define PACKAGE_VERSION "15.0"
| #define PACKAGE_STRING "folly 15.0"
| #define PACKAGE_BUGREPORT "folly@fb.com"
| #define PACKAGE_URL ""
| #define PACKAGE "folly"
| #define VERSION "15.0"
| #define STDC_HEADERS 1
| #define HAVE_SYS_TYPES_H 1
| #define HAVE_SYS_STAT_H 1
| #define HAVE_STDLIB_H 1
| #define HAVE_STRING_H 1
| #define HAVE_MEMORY_H 1
| #define HAVE_STRINGS_H 1
| #define HAVE_INTTYPES_H 1
| #define HAVE_STDINT_H 1
| #define HAVE_UNISTD_H 1
| #define HAVE_DLFCN_H 1
| #define LT_OBJDIR ".libs/"
| #define HAVE_STDCXX_0X /**/
| #define HAVE_LIBGLOG 1
| #define HAVE_LIBGFLAGS 1
| #define HAVE_LIBSSL 1
| #define HAVE_BOOST /**/
| #define HAVE_BOOST_THREAD /**/
| #define HAVE_BOOST_REGEX /**/
| #define HAVE_BOOST_SYSTEM /**/
| #define HAVE_BOOST_FILESYSTEM /**/
| #define STDC_HEADERS 1
| #define HAVE_FCNTL_H 1
| #define HAVE_FEATURES_H 1
| #define HAVE_INTTYPES_H 1
| #define HAVE_LIMITS_H 1
| #define HAVE_STDINT_H 1
| #define HAVE_STDLIB_H 1
| #define HAVE_STRING_H 1
| #define HAVE_SYS_TIME_H 1
| #define HAVE_UNISTD_H 1
| #define HAVE_MALLOC_H 1
| #define HAVE_EMMINTRIN_H 1
| #define HAVE_BYTESWAP_H 1
| #define HAVE_BITS_FUNCTEXCEPT_H 1
| #define HAVE_BITS_C__CONFIG_H 1
| #define HAVE_LIBDOUBLE_CONVERSION 1
| #define HAVE_LIBEVENT 1
| #define HAVE_LIBJEMALLOC 1
| #define HAVE_STDBOOL_H 1
| #define TIME_WITH_SYS_TIME 1
| #define HAVE_INT128_T 1
| /* end confdefs.h.  */
| #include <stdio.h>
| #ifdef HAVE_SYS_TYPES_H
| # include <sys/types.h>
| #endif
| #ifdef HAVE_SYS_STAT_H
| # include <sys/stat.h>
| #endif
| #ifdef STDC_HEADERS
| # include <stdlib.h>
| # include <stddef.h>
| #else
| # ifdef HAVE_STDLIB_H
| #  include <stdlib.h>
| # endif
| #endif
| #ifdef HAVE_STRING_H
| # if !defined STDC_HEADERS && defined HAVE_MEMORY_H
| #  include <memory.h>
| # endif
| # include <string.h>
| #endif
| #ifdef HAVE_STRINGS_H
| # include <strings.h>
| #endif
| #ifdef HAVE_INTTYPES_H
| # include <inttypes.h>
| #endif
| #ifdef HAVE_STDINT_H
| # include <stdint.h>
| #endif
| #ifdef HAVE_UNISTD_H
| # include <unistd.h>
| #endif
| int
| main ()
| {
| if (sizeof ((ptrdiff_t)))
| 	    return 0;
|   ;
|   return 0;
| }
configure:18362: result: yes
configure:18373: checking for ifunc support
configure:18386: g++ -c -std=gnu++0x -g -O2  conftest.cpp >&5
configure:18386: $? = 0
configure:18393: result: yes
configure:18402: checking for final and override support
configure:18412: g++ -c -std=gnu++0x -g -O2  conftest.cpp >&5
configure:18412: $? = 0
configure:18419: result: yes
configure:18441: checking for std::this_thread::sleep_for
configure:18453: g++ -c -std=gnu++0x -g -O2  conftest.cpp >&5
configure:18453: $? = 0
configure:18460: result: yes
configure:18469: checking for constexpr strlen
configure:18480: g++ -c -std=gnu++0x -g -O2  conftest.cpp >&5
configure:18480: $? = 0
configure:18487: result: yes
configure:18496: checking for libc++
configure:18511: g++ -c -std=gnu++0x -g -O2  conftest.cpp >&5
conftest.cpp:62:8: error: #error No libc++
       #error No libc++
        ^
configure:18511: $? = 1
configure: failed program was:
| /* confdefs.h */
| #define PACKAGE_NAME "folly"
| #define PACKAGE_TARNAME "folly"
| #define PACKAGE_VERSION "15.0"
| #define PACKAGE_STRING "folly 15.0"
| #define PACKAGE_BUGREPORT "folly@fb.com"
| #define PACKAGE_URL ""
| #define PACKAGE "folly"
| #define VERSION "15.0"
| #define STDC_HEADERS 1
| #define HAVE_SYS_TYPES_H 1
| #define HAVE_SYS_STAT_H 1
| #define HAVE_STDLIB_H 1
| #define HAVE_STRING_H 1
| #define HAVE_MEMORY_H 1
| #define HAVE_STRINGS_H 1
| #define HAVE_INTTYPES_H 1
| #define HAVE_STDINT_H 1
| #define HAVE_UNISTD_H 1
| #define HAVE_DLFCN_H 1
| #define LT_OBJDIR ".libs/"
| #define HAVE_STDCXX_0X /**/
| #define HAVE_LIBGLOG 1
| #define HAVE_LIBGFLAGS 1
| #define HAVE_LIBSSL 1
| #define HAVE_BOOST /**/
| #define HAVE_BOOST_THREAD /**/
| #define HAVE_BOOST_REGEX /**/
| #define HAVE_BOOST_SYSTEM /**/
| #define HAVE_BOOST_FILESYSTEM /**/
| #define STDC_HEADERS 1
| #define HAVE_FCNTL_H 1
| #define HAVE_FEATURES_H 1
| #define HAVE_INTTYPES_H 1
| #define HAVE_LIMITS_H 1
| #define HAVE_STDINT_H 1
| #define HAVE_STDLIB_H 1
| #define HAVE_STRING_H 1
| #define HAVE_SYS_TIME_H 1
| #define HAVE_UNISTD_H 1
| #define HAVE_MALLOC_H 1
| #define HAVE_EMMINTRIN_H 1
| #define HAVE_BYTESWAP_H 1
| #define HAVE_BITS_FUNCTEXCEPT_H 1
| #define HAVE_BITS_C__CONFIG_H 1
| #define HAVE_LIBDOUBLE_CONVERSION 1
| #define HAVE_LIBEVENT 1
| #define HAVE_LIBJEMALLOC 1
| #define HAVE_STDBOOL_H 1
| #define TIME_WITH_SYS_TIME 1
| #define HAVE_INT128_T 1
| #define HAVE_PTRDIFF_T 1
| #define HAVE_IFUNC 1
| #define FINAL final
| #define OVERRIDE override
| #define HAVE_STD__THIS_THREAD__SLEEP_FOR 1
| #define HAVE_CONSTEXPR_STRLEN 1
| /* end confdefs.h.  */
| 
|       #include <type_traits>
|       #if !_LIBCPP_VERSION
|       #error No libc++
|       #endif
|       void func() {}
| 
configure:18518: result: no
configure:18527: checking for usable std::is_trivially_copyable
configure:18539: g++ -c -std=gnu++0x -g -O2  conftest.cpp >&5
conftest.cpp:61:24: error: 'is_trivially_copyable' is not a member of 'std'
       const bool val = std::is_trivially_copyable<bool>::value;
                        ^
conftest.cpp:61:51: error: expected primary-expression before 'bool'
       const bool val = std::is_trivially_copyable<bool>::value;
                                                   ^
configure:18539: $? = 1
configure: failed program was:
| /* confdefs.h */
| #define PACKAGE_NAME "folly"
| #define PACKAGE_TARNAME "folly"
| #define PACKAGE_VERSION "15.0"
| #define PACKAGE_STRING "folly 15.0"
| #define PACKAGE_BUGREPORT "folly@fb.com"
| #define PACKAGE_URL ""
| #define PACKAGE "folly"
| #define VERSION "15.0"
| #define STDC_HEADERS 1
| #define HAVE_SYS_TYPES_H 1
| #define HAVE_SYS_STAT_H 1
| #define HAVE_STDLIB_H 1
| #define HAVE_STRING_H 1
| #define HAVE_MEMORY_H 1
| #define HAVE_STRINGS_H 1
| #define HAVE_INTTYPES_H 1
| #define HAVE_STDINT_H 1
| #define HAVE_UNISTD_H 1
| #define HAVE_DLFCN_H 1
| #define LT_OBJDIR ".libs/"
| #define HAVE_STDCXX_0X /**/
| #define HAVE_LIBGLOG 1
| #define HAVE_LIBGFLAGS 1
| #define HAVE_LIBSSL 1
| #define HAVE_BOOST /**/
| #define HAVE_BOOST_THREAD /**/
| #define HAVE_BOOST_REGEX /**/
| #define HAVE_BOOST_SYSTEM /**/
| #define HAVE_BOOST_FILESYSTEM /**/
| #define STDC_HEADERS 1
| #define HAVE_FCNTL_H 1
| #define HAVE_FEATURES_H 1
| #define HAVE_INTTYPES_H 1
| #define HAVE_LIMITS_H 1
| #define HAVE_STDINT_H 1
| #define HAVE_STDLIB_H 1
| #define HAVE_STRING_H 1
| #define HAVE_SYS_TIME_H 1
| #define HAVE_UNISTD_H 1
| #define HAVE_MALLOC_H 1
| #define HAVE_EMMINTRIN_H 1
| #define HAVE_BYTESWAP_H 1
| #define HAVE_BITS_FUNCTEXCEPT_H 1
| #define HAVE_BITS_C__CONFIG_H 1
| #define HAVE_LIBDOUBLE_CONVERSION 1
| #define HAVE_LIBEVENT 1
| #define HAVE_LIBJEMALLOC 1
| #define HAVE_STDBOOL_H 1
| #define TIME_WITH_SYS_TIME 1
| #define HAVE_INT128_T 1
| #define HAVE_PTRDIFF_T 1
| #define HAVE_IFUNC 1
| #define FINAL final
| #define OVERRIDE override
| #define HAVE_STD__THIS_THREAD__SLEEP_FOR 1
| #define HAVE_CONSTEXPR_STRLEN 1
| /* end confdefs.h.  */
| 
|       #include <type_traits>
|       const bool val = std::is_trivially_copyable<bool>::value;
| 
configure:18546: result: no
configure:18555: checking gflags namespace
configure:18567: g++ -c -std=gnu++0x -g -O2  conftest.cpp >&5
conftest.cpp: In function 'void foo()':
conftest.cpp:61:20: error: 'gflags' has not been declared
       void foo() { gflags::GetArgv(); }
                    ^
configure:18567: $? = 1
configure: failed program was:
| /* confdefs.h */
| #define PACKAGE_NAME "folly"
| #define PACKAGE_TARNAME "folly"
| #define PACKAGE_VERSION "15.0"
| #define PACKAGE_STRING "folly 15.0"
| #define PACKAGE_BUGREPORT "folly@fb.com"
| #define PACKAGE_URL ""
| #define PACKAGE "folly"
| #define VERSION "15.0"
| #define STDC_HEADERS 1
| #define HAVE_SYS_TYPES_H 1
| #define HAVE_SYS_STAT_H 1
| #define HAVE_STDLIB_H 1
| #define HAVE_STRING_H 1
| #define HAVE_MEMORY_H 1
| #define HAVE_STRINGS_H 1
| #define HAVE_INTTYPES_H 1
| #define HAVE_STDINT_H 1
| #define HAVE_UNISTD_H 1
| #define HAVE_DLFCN_H 1
| #define LT_OBJDIR ".libs/"
| #define HAVE_STDCXX_0X /**/
| #define HAVE_LIBGLOG 1
| #define HAVE_LIBGFLAGS 1
| #define HAVE_LIBSSL 1
| #define HAVE_BOOST /**/
| #define HAVE_BOOST_THREAD /**/
| #define HAVE_BOOST_REGEX /**/
| #define HAVE_BOOST_SYSTEM /**/
| #define HAVE_BOOST_FILESYSTEM /**/
| #define STDC_HEADERS 1
| #define HAVE_FCNTL_H 1
| #define HAVE_FEATURES_H 1
| #define HAVE_INTTYPES_H 1
| #define HAVE_LIMITS_H 1
| #define HAVE_STDINT_H 1
| #define HAVE_STDLIB_H 1
| #define HAVE_STRING_H 1
| #define HAVE_SYS_TIME_H 1
| #define HAVE_UNISTD_H 1
| #define HAVE_MALLOC_H 1
| #define HAVE_EMMINTRIN_H 1
| #define HAVE_BYTESWAP_H 1
| #define HAVE_BITS_FUNCTEXCEPT_H 1
| #define HAVE_BITS_C__CONFIG_H 1
| #define HAVE_LIBDOUBLE_CONVERSION 1
| #define HAVE_LIBEVENT 1
| #define HAVE_LIBJEMALLOC 1
| #define HAVE_STDBOOL_H 1
| #define TIME_WITH_SYS_TIME 1
| #define HAVE_INT128_T 1
| #define HAVE_PTRDIFF_T 1
| #define HAVE_IFUNC 1
| #define FINAL final
| #define OVERRIDE override
| #define HAVE_STD__THIS_THREAD__SLEEP_FOR 1
| #define HAVE_CONSTEXPR_STRLEN 1
| /* end confdefs.h.  */
| 
|       #include <gflags/gflags.h>
|       void foo() { gflags::GetArgv(); }
| 
configure:18577: g++ -c -std=gnu++0x -g -O2  conftest.cpp >&5
configure:18577: $? = 0
configure:18586: result: google
configure:18606: checking for weak symbol support
configure:18619: g++ -o conftest -std=gnu++0x -g -O2   conftest.cpp -ljemalloc -levent -ldouble-conversion -lssl -lgflags -lglog  >&5
configure:18619: $? = 0
configure:18627: result: yes
configure:18636: checking for library containing cplus_demangle_v3_callback
configure:18667: g++ -o conftest -std=gnu++0x -g -O2   conftest.cpp -ljemalloc -levent -ldouble-conversion -lssl -lgflags -lglog  >&5
/tmp/xliu/cca8eBkK.o: In function `main':
/home/xliu/git/folly/conftest.cpp:73: undefined reference to `cplus_demangle_v3_callback'
collect2: error: ld returned 1 exit status
configure:18667: $? = 1
configure: failed program was:
| /* confdefs.h */
| #define PACKAGE_NAME "folly"
| #define PACKAGE_TARNAME "folly"
| #define PACKAGE_VERSION "15.0"
| #define PACKAGE_STRING "folly 15.0"
| #define PACKAGE_BUGREPORT "folly@fb.com"
| #define PACKAGE_URL ""
| #define PACKAGE "folly"
| #define VERSION "15.0"
| #define STDC_HEADERS 1
| #define HAVE_SYS_TYPES_H 1
| #define HAVE_SYS_STAT_H 1
| #define HAVE_STDLIB_H 1
| #define HAVE_STRING_H 1
| #define HAVE_MEMORY_H 1
| #define HAVE_STRINGS_H 1
| #define HAVE_INTTYPES_H 1
| #define HAVE_STDINT_H 1
| #define HAVE_UNISTD_H 1
| #define HAVE_DLFCN_H 1
| #define LT_OBJDIR ".libs/"
| #define HAVE_STDCXX_0X /**/
| #define HAVE_LIBGLOG 1
| #define HAVE_LIBGFLAGS 1
| #define HAVE_LIBSSL 1
| #define HAVE_BOOST /**/
| #define HAVE_BOOST_THREAD /**/
| #define HAVE_BOOST_REGEX /**/
| #define HAVE_BOOST_SYSTEM /**/
| #define HAVE_BOOST_FILESYSTEM /**/
| #define STDC_HEADERS 1
| #define HAVE_FCNTL_H 1
| #define HAVE_FEATURES_H 1
| #define HAVE_INTTYPES_H 1
| #define HAVE_LIMITS_H 1
| #define HAVE_STDINT_H 1
| #define HAVE_STDLIB_H 1
| #define HAVE_STRING_H 1
| #define HAVE_SYS_TIME_H 1
| #define HAVE_UNISTD_H 1
| #define HAVE_MALLOC_H 1
| #define HAVE_EMMINTRIN_H 1
| #define HAVE_BYTESWAP_H 1
| #define HAVE_BITS_FUNCTEXCEPT_H 1
| #define HAVE_BITS_C__CONFIG_H 1
| #define HAVE_LIBDOUBLE_CONVERSION 1
| #define HAVE_LIBEVENT 1
| #define HAVE_LIBJEMALLOC 1
| #define HAVE_STDBOOL_H 1
| #define TIME_WITH_SYS_TIME 1
| #define HAVE_INT128_T 1
| #define HAVE_PTRDIFF_T 1
| #define HAVE_IFUNC 1
| #define FINAL final
| #define OVERRIDE override
| #define HAVE_STD__THIS_THREAD__SLEEP_FOR 1
| #define HAVE_CONSTEXPR_STRLEN 1
| #define GFLAGS_NAMESPACE google
| #define UNUSUAL_GFLAGS_NAMESPACE 1
| #define HAVE_WEAK_SYMBOLS 1
| /* end confdefs.h.  */
| 
| /* Override any GCC internal prototype to avoid an error.
|    Use char because int might match the return type of a GCC
|    builtin and then its argument prototype would still apply.  */
| #ifdef __cplusplus
| extern "C"
| #endif
| char cplus_demangle_v3_callback ();
| int
| main ()
| {
| return cplus_demangle_v3_callback ();
|   ;
|   return 0;
| }
configure:18667: g++ -o conftest -std=gnu++0x -g -O2   conftest.cpp -liberty_pic  -ljemalloc -levent -ldouble-conversion -lssl -lgflags -lglog  >&5
/usr/bin/ld: cannot find -liberty_pic
collect2: error: ld returned 1 exit status
configure:18667: $? = 1
configure: failed program was:
| /* confdefs.h */
| #define PACKAGE_NAME "folly"
| #define PACKAGE_TARNAME "folly"
| #define PACKAGE_VERSION "15.0"
| #define PACKAGE_STRING "folly 15.0"
| #define PACKAGE_BUGREPORT "folly@fb.com"
| #define PACKAGE_URL ""
| #define PACKAGE "folly"
| #define VERSION "15.0"
| #define STDC_HEADERS 1
| #define HAVE_SYS_TYPES_H 1
| #define HAVE_SYS_STAT_H 1
| #define HAVE_STDLIB_H 1
| #define HAVE_STRING_H 1
| #define HAVE_MEMORY_H 1
| #define HAVE_STRINGS_H 1
| #define HAVE_INTTYPES_H 1
| #define HAVE_STDINT_H 1
| #define HAVE_UNISTD_H 1
| #define HAVE_DLFCN_H 1
| #define LT_OBJDIR ".libs/"
| #define HAVE_STDCXX_0X /**/
| #define HAVE_LIBGLOG 1
| #define HAVE_LIBGFLAGS 1
| #define HAVE_LIBSSL 1
| #define HAVE_BOOST /**/
| #define HAVE_BOOST_THREAD /**/
| #define HAVE_BOOST_REGEX /**/
| #define HAVE_BOOST_SYSTEM /**/
| #define HAVE_BOOST_FILESYSTEM /**/
| #define STDC_HEADERS 1
| #define HAVE_FCNTL_H 1
| #define HAVE_FEATURES_H 1
| #define HAVE_INTTYPES_H 1
| #define HAVE_LIMITS_H 1
| #define HAVE_STDINT_H 1
| #define HAVE_STDLIB_H 1
| #define HAVE_STRING_H 1
| #define HAVE_SYS_TIME_H 1
| #define HAVE_UNISTD_H 1
| #define HAVE_MALLOC_H 1
| #define HAVE_EMMINTRIN_H 1
| #define HAVE_BYTESWAP_H 1
| #define HAVE_BITS_FUNCTEXCEPT_H 1
| #define HAVE_BITS_C__CONFIG_H 1
| #define HAVE_LIBDOUBLE_CONVERSION 1
| #define HAVE_LIBEVENT 1
| #define HAVE_LIBJEMALLOC 1
| #define HAVE_STDBOOL_H 1
| #define TIME_WITH_SYS_TIME 1
| #define HAVE_INT128_T 1
| #define HAVE_PTRDIFF_T 1
| #define HAVE_IFUNC 1
| #define FINAL final
| #define OVERRIDE override
| #define HAVE_STD__THIS_THREAD__SLEEP_FOR 1
| #define HAVE_CONSTEXPR_STRLEN 1
| #define GFLAGS_NAMESPACE google
| #define UNUSUAL_GFLAGS_NAMESPACE 1
| #define HAVE_WEAK_SYMBOLS 1
| /* end confdefs.h.  */
| 
| /* Override any GCC internal prototype to avoid an error.
|    Use char because int might match the return type of a GCC
|    builtin and then its argument prototype would still apply.  */
| #ifdef __cplusplus
| extern "C"
| #endif
| char cplus_demangle_v3_callback ();
| int
| main ()
| {
| return cplus_demangle_v3_callback ();
|   ;
|   return 0;
| }
configure:18667: g++ -o conftest -std=gnu++0x -g -O2   conftest.cpp -liberty  -ljemalloc -levent -ldouble-conversion -lssl -lgflags -lglog  >&5
configure:18667: $? = 0
configure:18684: result: -liberty
configure:18700: checking for library containing clock_gettime
configure:18731: g++ -o conftest -std=gnu++0x -g -O2   conftest.cpp -liberty -ljemalloc -levent -ldouble-conversion -lssl -lgflags -lglog  >&5
configure:18731: $? = 0
configure:18748: result: none required
configure:18773: checking for getdelim
configure:18773: g++ -o conftest -std=gnu++0x -g -O2   conftest.cpp -liberty -ljemalloc -levent -ldouble-conversion -lssl -lgflags -lglog  >&5
configure:18773: $? = 0
configure:18773: result: yes
configure:18773: checking for gettimeofday
configure:18773: g++ -o conftest -std=gnu++0x -g -O2   conftest.cpp -liberty -ljemalloc -levent -ldouble-conversion -lssl -lgflags -lglog  >&5
configure:18773: $? = 0
configure:18773: result: yes
configure:18773: checking for memmove
configure:18773: g++ -o conftest -std=gnu++0x -g -O2   conftest.cpp -liberty -ljemalloc -levent -ldouble-conversion -lssl -lgflags -lglog  >&5
configure:18773: $? = 0
configure:18773: result: yes
configure:18773: checking for memset
configure:18773: g++ -o conftest -std=gnu++0x -g -O2   conftest.cpp -liberty -ljemalloc -levent -ldouble-conversion -lssl -lgflags -lglog  >&5
configure:18773: $? = 0
configure:18773: result: yes
configure:18773: checking for pow
configure:18773: g++ -o conftest -std=gnu++0x -g -O2   conftest.cpp -liberty -ljemalloc -levent -ldouble-conversion -lssl -lgflags -lglog  >&5
configure:18773: $? = 0
configure:18773: result: yes
configure:18773: checking for strerror
configure:18773: g++ -o conftest -std=gnu++0x -g -O2   conftest.cpp -liberty -ljemalloc -levent -ldouble-conversion -lssl -lgflags -lglog  >&5
configure:18773: $? = 0
configure:18773: result: yes
configure:18773: checking for pthread_yield
configure:18773: g++ -o conftest -std=gnu++0x -g -O2   conftest.cpp -liberty -ljemalloc -levent -ldouble-conversion -lssl -lgflags -lglog  >&5
/tmp/xliu/ccsKfty2.o: In function `main':
/home/xliu/git/folly/conftest.cpp:104: undefined reference to `pthread_yield'
collect2: error: ld returned 1 exit status
configure:18773: $? = 1
configure: failed program was:
| /* confdefs.h */
| #define PACKAGE_NAME "folly"
| #define PACKAGE_TARNAME "folly"
| #define PACKAGE_VERSION "15.0"
| #define PACKAGE_STRING "folly 15.0"
| #define PACKAGE_BUGREPORT "folly@fb.com"
| #define PACKAGE_URL ""
| #define PACKAGE "folly"
| #define VERSION "15.0"
| #define STDC_HEADERS 1
| #define HAVE_SYS_TYPES_H 1
| #define HAVE_SYS_STAT_H 1
| #define HAVE_STDLIB_H 1
| #define HAVE_STRING_H 1
| #define HAVE_MEMORY_H 1
| #define HAVE_STRINGS_H 1
| #define HAVE_INTTYPES_H 1
| #define HAVE_STDINT_H 1
| #define HAVE_UNISTD_H 1
| #define HAVE_DLFCN_H 1
| #define LT_OBJDIR ".libs/"
| #define HAVE_STDCXX_0X /**/
| #define HAVE_LIBGLOG 1
| #define HAVE_LIBGFLAGS 1
| #define HAVE_LIBSSL 1
| #define HAVE_BOOST /**/
| #define HAVE_BOOST_THREAD /**/
| #define HAVE_BOOST_REGEX /**/
| #define HAVE_BOOST_SYSTEM /**/
| #define HAVE_BOOST_FILESYSTEM /**/
| #define STDC_HEADERS 1
| #define HAVE_FCNTL_H 1
| #define HAVE_FEATURES_H 1
| #define HAVE_INTTYPES_H 1
| #define HAVE_LIMITS_H 1
| #define HAVE_STDINT_H 1
| #define HAVE_STDLIB_H 1
| #define HAVE_STRING_H 1
| #define HAVE_SYS_TIME_H 1
| #define HAVE_UNISTD_H 1
| #define HAVE_MALLOC_H 1
| #define HAVE_EMMINTRIN_H 1
| #define HAVE_BYTESWAP_H 1
| #define HAVE_BITS_FUNCTEXCEPT_H 1
| #define HAVE_BITS_C__CONFIG_H 1
| #define HAVE_LIBDOUBLE_CONVERSION 1
| #define HAVE_LIBEVENT 1
| #define HAVE_LIBJEMALLOC 1
| #define HAVE_STDBOOL_H 1
| #define TIME_WITH_SYS_TIME 1
| #define HAVE_INT128_T 1
| #define HAVE_PTRDIFF_T 1
| #define HAVE_IFUNC 1
| #define FINAL final
| #define OVERRIDE override
| #define HAVE_STD__THIS_THREAD__SLEEP_FOR 1
| #define HAVE_CONSTEXPR_STRLEN 1
| #define GFLAGS_NAMESPACE google
| #define UNUSUAL_GFLAGS_NAMESPACE 1
| #define HAVE_WEAK_SYMBOLS 1
| #define HAVE_CPLUS_DEMANGLE_V3_CALLBACK 1
| #define HAVE_CLOCK_GETTIME 1
| #define HAVE_GETDELIM 1
| #define HAVE_GETTIMEOFDAY 1
| #define HAVE_MEMMOVE 1
| #define HAVE_MEMSET 1
| #define HAVE_POW 1
| #define HAVE_STRERROR 1
| /* end confdefs.h.  */
| /* Define pthread_yield to an innocuous variant, in case <limits.h> declares pthread_yield.
|    For example, HP-UX 11i <limits.h> declares gettimeofday.  */
| #define pthread_yield innocuous_pthread_yield
| 
| /* System header to define __stub macros and hopefully few prototypes,
|     which can conflict with char pthread_yield (); below.
|     Prefer <limits.h> to <assert.h> if __STDC__ is defined, since
|     <limits.h> exists even on freestanding compilers.  */
| 
| #ifdef __STDC__
| # include <limits.h>
| #else
| # include <assert.h>
| #endif
| 
| #undef pthread_yield
| 
| /* Override any GCC internal prototype to avoid an error.
|    Use char because int might match the return type of a GCC
|    builtin and then its argument prototype would still apply.  */
| #ifdef __cplusplus
| extern "C"
| #endif
| char pthread_yield ();
| /* The GNU C library defines this for functions which it implements
|     to always fail with ENOSYS.  Some functions are actually named
|     something starting with __ and the normal name is an alias.  */
| #if defined __stub_pthread_yield || defined __stub___pthread_yield
| choke me
| #endif
| 
| int
| main ()
| {
| return pthread_yield ();
|   ;
|   return 0;
| }
configure:18773: result: no
configure:18773: checking for malloc_size
configure:18773: g++ -o conftest -std=gnu++0x -g -O2   conftest.cpp -liberty -ljemalloc -levent -ldouble-conversion -lssl -lgflags -lglog  >&5
/tmp/xliu/cccuJJY4.o: In function `main':
/home/xliu/git/folly/conftest.cpp:104: undefined reference to `malloc_size'
collect2: error: ld returned 1 exit status
configure:18773: $? = 1
configure: failed program was:
| /* confdefs.h */
| #define PACKAGE_NAME "folly"
| #define PACKAGE_TARNAME "folly"
| #define PACKAGE_VERSION "15.0"
| #define PACKAGE_STRING "folly 15.0"
| #define PACKAGE_BUGREPORT "folly@fb.com"
| #define PACKAGE_URL ""
| #define PACKAGE "folly"
| #define VERSION "15.0"
| #define STDC_HEADERS 1
| #define HAVE_SYS_TYPES_H 1
| #define HAVE_SYS_STAT_H 1
| #define HAVE_STDLIB_H 1
| #define HAVE_STRING_H 1
| #define HAVE_MEMORY_H 1
| #define HAVE_STRINGS_H 1
| #define HAVE_INTTYPES_H 1
| #define HAVE_STDINT_H 1
| #define HAVE_UNISTD_H 1
| #define HAVE_DLFCN_H 1
| #define LT_OBJDIR ".libs/"
| #define HAVE_STDCXX_0X /**/
| #define HAVE_LIBGLOG 1
| #define HAVE_LIBGFLAGS 1
| #define HAVE_LIBSSL 1
| #define HAVE_BOOST /**/
| #define HAVE_BOOST_THREAD /**/
| #define HAVE_BOOST_REGEX /**/
| #define HAVE_BOOST_SYSTEM /**/
| #define HAVE_BOOST_FILESYSTEM /**/
| #define STDC_HEADERS 1
| #define HAVE_FCNTL_H 1
| #define HAVE_FEATURES_H 1
| #define HAVE_INTTYPES_H 1
| #define HAVE_LIMITS_H 1
| #define HAVE_STDINT_H 1
| #define HAVE_STDLIB_H 1
| #define HAVE_STRING_H 1
| #define HAVE_SYS_TIME_H 1
| #define HAVE_UNISTD_H 1
| #define HAVE_MALLOC_H 1
| #define HAVE_EMMINTRIN_H 1
| #define HAVE_BYTESWAP_H 1
| #define HAVE_BITS_FUNCTEXCEPT_H 1
| #define HAVE_BITS_C__CONFIG_H 1
| #define HAVE_LIBDOUBLE_CONVERSION 1
| #define HAVE_LIBEVENT 1
| #define HAVE_LIBJEMALLOC 1
| #define HAVE_STDBOOL_H 1
| #define TIME_WITH_SYS_TIME 1
| #define HAVE_INT128_T 1
| #define HAVE_PTRDIFF_T 1
| #define HAVE_IFUNC 1
| #define FINAL final
| #define OVERRIDE override
| #define HAVE_STD__THIS_THREAD__SLEEP_FOR 1
| #define HAVE_CONSTEXPR_STRLEN 1
| #define GFLAGS_NAMESPACE google
| #define UNUSUAL_GFLAGS_NAMESPACE 1
| #define HAVE_WEAK_SYMBOLS 1
| #define HAVE_CPLUS_DEMANGLE_V3_CALLBACK 1
| #define HAVE_CLOCK_GETTIME 1
| #define HAVE_GETDELIM 1
| #define HAVE_GETTIMEOFDAY 1
| #define HAVE_MEMMOVE 1
| #define HAVE_MEMSET 1
| #define HAVE_POW 1
| #define HAVE_STRERROR 1
| /* end confdefs.h.  */
| /* Define malloc_size to an innocuous variant, in case <limits.h> declares malloc_size.
|    For example, HP-UX 11i <limits.h> declares gettimeofday.  */
| #define malloc_size innocuous_malloc_size
| 
| /* System header to define __stub macros and hopefully few prototypes,
|     which can conflict with char malloc_size (); below.
|     Prefer <limits.h> to <assert.h> if __STDC__ is defined, since
|     <limits.h> exists even on freestanding compilers.  */
| 
| #ifdef __STDC__
| # include <limits.h>
| #else
| # include <assert.h>
| #endif
| 
| #undef malloc_size
| 
| /* Override any GCC internal prototype to avoid an error.
|    Use char because int might match the return type of a GCC
|    builtin and then its argument prototype would still apply.  */
| #ifdef __cplusplus
| extern "C"
| #endif
| char malloc_size ();
| /* The GNU C library defines this for functions which it implements
|     to always fail with ENOSYS.  Some functions are actually named
|     something starting with __ and the normal name is an alias.  */
| #if defined __stub_malloc_size || defined __stub___malloc_size
| choke me
| #endif
| 
| int
| main ()
| {
| return malloc_size ();
|   ;
|   return 0;
| }
configure:18773: result: no
configure:18773: checking for malloc_usable_size
configure:18773: g++ -o conftest -std=gnu++0x -g -O2   conftest.cpp -liberty -ljemalloc -levent -ldouble-conversion -lssl -lgflags -lglog  >&5
configure:18773: $? = 0
configure:18773: result: yes
configure:18773: checking for memrchr
configure:18773: g++ -o conftest -std=gnu++0x -g -O2   conftest.cpp -liberty -ljemalloc -levent -ldouble-conversion -lssl -lgflags -lglog  >&5
configure:18773: $? = 0
configure:18773: result: yes
configure:18773: checking for pipe2
configure:18773: g++ -o conftest -std=gnu++0x -g -O2   conftest.cpp -liberty -ljemalloc -levent -ldouble-conversion -lssl -lgflags -lglog  >&5
configure:18773: $? = 0
configure:18773: result: yes
configure:18786: checking sched.h usability
configure:18786: g++ -c -std=gnu++0x -g -O2  conftest.cpp >&5
configure:18786: $? = 0
configure:18786: result: yes
configure:18786: checking sched.h presence
configure:18786: g++ -E  conftest.cpp
configure:18786: $? = 0
configure:18786: result: yes
configure:18786: checking for sched.h
configure:18786: result: yes
configure:18798: checking for sched_yield
configure:18798: g++ -o conftest -std=gnu++0x -g -O2   conftest.cpp -liberty -ljemalloc -levent -ldouble-conversion -lssl -lgflags -lglog  >&5
configure:18798: $? = 0
configure:18798: result: yes
configure:18809: checking lz4.h usability
configure:18809: g++ -c -std=gnu++0x -g -O2  conftest.cpp >&5
configure:18809: $? = 0
configure:18809: result: yes
configure:18809: checking lz4.h presence
configure:18809: g++ -E  conftest.cpp
configure:18809: $? = 0
configure:18809: result: yes
configure:18809: checking for lz4.h
configure:18809: result: yes
configure:18811: checking for LZ4_decompress_safe in -llz4
configure:18836: g++ -o conftest -std=gnu++0x -g -O2   conftest.cpp -llz4  -liberty -ljemalloc -levent -ldouble-conversion -lssl -lgflags -lglog  >&5
configure:18836: $? = 0
configure:18845: result: yes
configure:18859: checking snappy.h usability
configure:18859: g++ -c -std=gnu++0x -g -O2  conftest.cpp >&5
configure:18859: $? = 0
configure:18859: result: yes
configure:18859: checking snappy.h presence
configure:18859: g++ -E  conftest.cpp
configure:18859: $? = 0
configure:18859: result: yes
configure:18859: checking for snappy.h
configure:18859: result: yes
configure:18861: checking for main in -lsnappy
configure:18880: g++ -o conftest -std=gnu++0x -g -O2   conftest.cpp -lsnappy  -llz4 -liberty -ljemalloc -levent -ldouble-conversion -lssl -lgflags -lglog  >&5
configure:18880: $? = 0
configure:18889: result: yes
configure:18903: checking zlib.h usability
configure:18903: g++ -c -std=gnu++0x -g -O2  conftest.cpp >&5
configure:18903: $? = 0
configure:18903: result: yes
configure:18903: checking zlib.h presence
configure:18903: g++ -E  conftest.cpp
configure:18903: $? = 0
configure:18903: result: yes
configure:18903: checking for zlib.h
configure:18903: result: yes
configure:18905: checking for main in -lz
configure:18924: g++ -o conftest -std=gnu++0x -g -O2   conftest.cpp -lz  -lsnappy -llz4 -liberty -ljemalloc -levent -ldouble-conversion -lssl -lgflags -lglog  >&5
configure:18924: $? = 0
configure:18933: result: yes
configure:18947: checking lzma.h usability
configure:18947: g++ -c -std=gnu++0x -g -O2  conftest.cpp >&5
configure:18947: $? = 0
configure:18947: result: yes
configure:18947: checking lzma.h presence
configure:18947: g++ -E  conftest.cpp
configure:18947: $? = 0
configure:18947: result: yes
configure:18947: checking for lzma.h
configure:18947: result: yes
configure:18949: checking for main in -llzma
configure:18968: g++ -o conftest -std=gnu++0x -g -O2   conftest.cpp -llzma  -lz -lsnappy -llz4 -liberty -ljemalloc -levent -ldouble-conversion -lssl -lgflags -lglog  >&5
configure:18968: $? = 0
configure:18977: result: yes
configure:19154: checking that generated files are newer than configure
configure:19160: result: done
configure:19211: creating ./config.status

## ---------------------- ##
## Running config.status. ##
## ---------------------- ##

This file was extended by folly config.status 15.0, which was
generated by GNU Autoconf 2.69.  Invocation command line was

  CONFIG_FILES    = 
  CONFIG_HEADERS  = 
  CONFIG_LINKS    = 
  CONFIG_COMMANDS = 
  $ ./config.status 

on ultra

config.status:1222: creating Makefile
config.status:1222: creating test/Makefile
config.status:1222: creating test/function_benchmark/Makefile
config.status:1222: creating config.h
config.status:1451: executing folly-config.h commands
config.status:1489: creating folly-config.h - prefix FOLLY for config.h defines
config.status:1451: executing depfiles commands
config.status:1451: executing libtool commands

## ---------------- ##
## Cache variables. ##
## ---------------- ##

ac_cv_build=x86_64-unknown-linux-gnu
ac_cv_c_compiler_gnu=yes
ac_cv_c_const=yes
ac_cv_c_inline=inline
ac_cv_c_volatile=yes
ac_cv_cxx_compile_cxx0x_cxx=yes
ac_cv_cxx_compile_cxx0x_gxx=yes
ac_cv_cxx_compile_cxx0x_native=no
ac_cv_cxx_compiler_gnu=yes
ac_cv_env_CCC_set=
ac_cv_env_CCC_value=
ac_cv_env_CC_set=
ac_cv_env_CC_value=
ac_cv_env_CFLAGS_set=
ac_cv_env_CFLAGS_value=
ac_cv_env_CPPFLAGS_set=
ac_cv_env_CPPFLAGS_value=
ac_cv_env_CPP_set=
ac_cv_env_CPP_value=
ac_cv_env_CXXCPP_set=
ac_cv_env_CXXCPP_value=
ac_cv_env_CXXFLAGS_set=
ac_cv_env_CXXFLAGS_value=
ac_cv_env_CXX_set=
ac_cv_env_CXX_value=
ac_cv_env_LDFLAGS_set=
ac_cv_env_LDFLAGS_value=
ac_cv_env_LIBS_set=
ac_cv_env_LIBS_value=
ac_cv_env_build_alias_set=
ac_cv_env_build_alias_value=
ac_cv_env_host_alias_set=
ac_cv_env_host_alias_value=
ac_cv_env_target_alias_set=
ac_cv_env_target_alias_value=
ac_cv_func_getdelim=yes
ac_cv_func_gettimeofday=yes
ac_cv_func_malloc_size=no
ac_cv_func_malloc_usable_size=yes
ac_cv_func_memmove=yes
ac_cv_func_memrchr=yes
ac_cv_func_memset=yes
ac_cv_func_pipe2=yes
ac_cv_func_pow=yes
ac_cv_func_pthread_yield=no
ac_cv_func_sched_yield=yes
ac_cv_func_strerror=yes
ac_cv_header_bits_cppconfig_h=yes
ac_cv_header_bits_functexcept_h=yes
ac_cv_header_byteswap_h=yes
ac_cv_header_dlfcn_h=yes
ac_cv_header_double_conversion_double_conversion_h=yes
ac_cv_header_emmintrin_h=yes
ac_cv_header_fcntl_h=yes
ac_cv_header_features_h=yes
ac_cv_header_inttypes_h=yes
ac_cv_header_limits_h=yes
ac_cv_header_lz4_h=yes
ac_cv_header_lzma_h=yes
ac_cv_header_malloc_h=yes
ac_cv_header_memory_h=yes
ac_cv_header_mutex_h=no
ac_cv_header_sched_h=yes
ac_cv_header_snappy_h=yes
ac_cv_header_stdbool_h=yes
ac_cv_header_stdc=yes
ac_cv_header_stdint_h=yes
ac_cv_header_stdlib_h=yes
ac_cv_header_string_h=yes
ac_cv_header_strings_h=yes
ac_cv_header_sys_stat_h=yes
ac_cv_header_sys_time_h=yes
ac_cv_header_sys_types_h=yes
ac_cv_header_time=yes
ac_cv_header_unistd_h=yes
ac_cv_header_zlib_h=yes
ac_cv_host=x86_64-unknown-linux-gnu
ac_cv_lib_boost_filesystem___exit=yes
ac_cv_lib_boost_regex___exit=yes
ac_cv_lib_boost_system___exit=yes
ac_cv_lib_boost_thread___exit=yes
ac_cv_lib_double_conversion_ceil=yes
ac_cv_lib_event_event_set=yes
ac_cv_lib_gflags_getenv=yes
ac_cv_lib_glog_openlog=yes
ac_cv_lib_jemalloc_xallocx=yes
ac_cv_lib_lz4_LZ4_decompress_safe=yes
ac_cv_lib_lzma_main=yes
ac_cv_lib_snappy_main=yes
ac_cv_lib_ssl_SSL_ctrl=yes
ac_cv_lib_z_main=yes
ac_cv_objext=o
ac_cv_path_EGREP='/bin/grep -E'
ac_cv_path_FGREP='/bin/grep -F'
ac_cv_path_GREP=/bin/grep
ac_cv_path_SED=/bin/sed
ac_cv_path_install='/usr/bin/install -c'
ac_cv_path_mkdir=/bin/mkdir
ac_cv_prog_AWK=mawk
ac_cv_prog_CPP='gcc -E'
ac_cv_prog_CXXCPP='g++ -E'
ac_cv_prog_ac_ct_AR=ar
ac_cv_prog_ac_ct_CC=gcc
ac_cv_prog_ac_ct_CXX=g++
ac_cv_prog_ac_ct_MANIFEST_TOOL=mt
ac_cv_prog_ac_ct_OBJDUMP=objdump
ac_cv_prog_ac_ct_RANLIB=ranlib
ac_cv_prog_ac_ct_STRIP=strip
ac_cv_prog_cc_c89=
ac_cv_prog_cc_g=yes
ac_cv_prog_cxx_g=yes
ac_cv_prog_make_make_set=yes
ac_cv_search_clock_gettime='none required'
ac_cv_search_cplus_demangle_v3_callback=-liberty
ac_cv_type__Bool=no
ac_cv_type___int128=yes
ac_cv_type_ptrdiff_t=yes
ac_cv_type_size_t=yes
am_cv_CC_dependencies_compiler_type=gcc3
am_cv_CXX_dependencies_compiler_type=gcc3
am_cv_make_support_nested_variables=yes
am_cv_prog_cc_c_o=yes
ax_cv_boost_filesystem=yes
ax_cv_boost_regex=yes
ax_cv_boost_system=yes
ax_cv_boost_thread=yes
folly_cv_c_final_override=yes
folly_cv_decl_gflags_namespace=google
folly_cv_decl_std_is_trivially_copyable=no
folly_cv_func_constexpr_strlen=yes
folly_cv_func_this_thread_sleep_for=yes
folly_cv_lib_libcpp=no
folly_cv_prog_cc_ifunc=yes
folly_cv_prog_cc_weak_symbols=yes
lt_cv_ar_at_file=@
lt_cv_archive_cmds_need_lc=no
lt_cv_deplibs_check_method=pass_all
lt_cv_file_magic_cmd='$MAGIC_CMD'
lt_cv_file_magic_test_file=
lt_cv_ld_reload_flag=-r
lt_cv_nm_interface='BSD nm'
lt_cv_objdir=.libs
lt_cv_path_LD=/usr/bin/ld
lt_cv_path_LDCXX='/usr/bin/ld -m elf_x86_64'
lt_cv_path_NM='/usr/bin/nm -B'
lt_cv_path_mainfest_tool=no
lt_cv_prog_compiler_c_o=yes
lt_cv_prog_compiler_c_o_CXX=yes
lt_cv_prog_compiler_pic='-fPIC -DPIC'
lt_cv_prog_compiler_pic_CXX='-fPIC -DPIC'
lt_cv_prog_compiler_pic_works=yes
lt_cv_prog_compiler_pic_works_CXX=yes
lt_cv_prog_compiler_rtti_exceptions=no
lt_cv_prog_compiler_static_works=yes
lt_cv_prog_compiler_static_works_CXX=yes
lt_cv_prog_gnu_ld=yes
lt_cv_prog_gnu_ldcxx=yes
lt_cv_sharedlib_from_linklib_cmd='printf %s\n'
lt_cv_shlibpath_overrides_runpath=no
lt_cv_sys_global_symbol_pipe='sed -n -e '\''s/^.*[	 ]\([ABCDGIRSTW][ABCDGIRSTW]*\)[	 ][	 ]*\([_A-Za-z][_A-Za-z0-9]*\)$/\1 \2 \2/p'\'' | sed '\''/ __gnu_lto/d'\'''
lt_cv_sys_global_symbol_to_c_name_address='sed -n -e '\''s/^: \([^ ]*\)[ ]*$/  {\"\1\", (void *) 0},/p'\'' -e '\''s/^[ABCDGIRSTW]* \([^ ]*\) \([^ ]*\)$/  {"\2", (void *) \&\2},/p'\'''
lt_cv_sys_global_symbol_to_c_name_address_lib_prefix='sed -n -e '\''s/^: \([^ ]*\)[ ]*$/  {\"\1\", (void *) 0},/p'\'' -e '\''s/^[ABCDGIRSTW]* \([^ ]*\) \(lib[^ ]*\)$/  {"\2", (void *) \&\2},/p'\'' -e '\''s/^[ABCDGIRSTW]* \([^ ]*\) \([^ ]*\)$/  {"lib\2", (void *) \&\2},/p'\'''
lt_cv_sys_global_symbol_to_cdecl='sed -n -e '\''s/^T .* \(.*\)$/extern int \1();/p'\'' -e '\''s/^[ABCDGIRSTW]* .* \(.*\)$/extern char \1;/p'\'''
lt_cv_sys_max_cmd_len=1572864
lt_cv_to_host_file_cmd=func_convert_file_noop
lt_cv_to_tool_file_cmd=func_convert_file_noop

## ----------------- ##
## Output variables. ##
## ----------------- ##

ACLOCAL='${SHELL} /home/xliu/git/folly/build-aux/missing aclocal-1.14'
AMDEPBACKSLASH='\'
AMDEP_FALSE='#'
AMDEP_TRUE=''
AMTAR='$${TAR-tar}'
AM_BACKSLASH='\'
AM_CPPFLAGS='-I$(top_srcdir)/.. -pthread -I/usr/include'
AM_DEFAULT_V='$(AM_DEFAULT_VERBOSITY)'
AM_DEFAULT_VERBOSITY='1'
AM_LDFLAGS=' -lboost_thread -lboost_filesystem -lboost_system -lboost_regex -lpthread'
AM_V='$(V)'
AR='ar'
AUTOCONF='${SHELL} /home/xliu/git/folly/build-aux/missing autoconf'
AUTOHEADER='${SHELL} /home/xliu/git/folly/build-aux/missing autoheader'
AUTOMAKE='${SHELL} /home/xliu/git/folly/build-aux/missing automake-1.14'
AWK='mawk'
BOOST_CPPFLAGS='-pthread -I/usr/include'
BOOST_FILESYSTEM_LIB='-lboost_filesystem'
BOOST_LDFLAGS='-L/usr/lib/x86_64-linux-gnu'
BOOST_REGEX_LIB='-lboost_regex'
BOOST_SYSTEM_LIB='-lboost_system'
BOOST_THREAD_LIB='-lboost_thread'
CC='gcc'
CCDEPMODE='depmode=gcc3'
CFLAGS='-g -O2'
CPP='gcc -E'
CPPFLAGS=''
CXX='g++'
CXXCPP='g++ -E'
CXXDEPMODE='depmode=gcc3'
CXXFLAGS='-std=gnu++0x -g -O2'
CYGPATH_W='echo'
DEFS='-DHAVE_CONFIG_H'
DEPDIR='.deps'
DLLTOOL='false'
DSYMUTIL=''
DUMPBIN=''
ECHO_C=''
ECHO_N='-n'
ECHO_T=''
EGREP='/bin/grep -E'
EXEEXT=''
FGREP='/bin/grep -F'
GREP='/bin/grep'
HAVE_BITS_FUNCTEXCEPT_FALSE=''
HAVE_BITS_FUNCTEXCEPT_TRUE='#'
HAVE_LINUX_FALSE='#'
HAVE_LINUX_TRUE=''
HAVE_STD_THREAD_FALSE=''
HAVE_STD_THREAD_TRUE='#'
HAVE_WEAK_SYMBOLS_FALSE='#'
HAVE_WEAK_SYMBOLS_TRUE=''
HAVE_X86_64_FALSE='#'
HAVE_X86_64_TRUE=''
INSTALL_DATA='${INSTALL} -m 644'
INSTALL_PROGRAM='${INSTALL}'
INSTALL_SCRIPT='${INSTALL}'
INSTALL_STRIP_PROGRAM='$(install_sh) -c -s'
LD='/usr/bin/ld -m elf_x86_64'
LDFLAGS=''
LIBOBJS=''
LIBS='-llzma -lz -lsnappy -llz4 -liberty -ljemalloc -levent -ldouble-conversion -lssl -lgflags -lglog '
LIBTOOL='$(SHELL) $(top_builddir)/libtool'
LIPO=''
LN_S='ln -s'
LTLIBOBJS=''
LT_VERSION='15:0:0'
MAKEINFO='${SHELL} /home/xliu/git/folly/build-aux/missing makeinfo'
MANIFEST_TOOL=':'
MKDIR_P='/bin/mkdir -p'
NM='/usr/bin/nm -B'
NMEDIT=''
OBJDUMP='objdump'
OBJEXT='o'
OTOOL64=''
OTOOL=''
PACKAGE='folly'
PACKAGE_BUGREPORT='folly@fb.com'
PACKAGE_NAME='folly'
PACKAGE_STRING='folly 15.0'
PACKAGE_TARNAME='folly'
PACKAGE_URL=''
PACKAGE_VERSION='15.0'
PATH_SEPARATOR=':'
RANLIB='ranlib'
SED='/bin/sed'
SET_MAKE=''
SHELL='/bin/bash'
STRIP='strip'
VERSION='15.0'
ac_ct_AR='ar'
ac_ct_CC='gcc'
ac_ct_CXX='g++'
ac_ct_DUMPBIN=''
am__EXEEXT_FALSE=''
am__EXEEXT_TRUE='#'
am__fastdepCC_FALSE='#'
am__fastdepCC_TRUE=''
am__fastdepCXX_FALSE='#'
am__fastdepCXX_TRUE=''
am__include='include'
am__isrc=''
am__leading_dot='.'
am__nodep='_no'
am__quote=''
am__tar='$${TAR-tar} chof - "$$tardir"'
am__untar='$${TAR-tar} xf -'
bindir='${exec_prefix}/bin'
build='x86_64-unknown-linux-gnu'
build_alias=''
build_cpu='x86_64'
build_os='linux-gnu'
build_vendor='unknown'
datadir='${datarootdir}'
datarootdir='${prefix}/share'
docdir='${datarootdir}/doc/${PACKAGE_TARNAME}'
dvidir='${docdir}'
exec_prefix='${prefix}'
host='x86_64-unknown-linux-gnu'
host_alias=''
host_cpu='x86_64'
host_os='linux-gnu'
host_vendor='unknown'
htmldir='${docdir}'
includedir='${prefix}/include'
infodir='${datarootdir}/info'
install_sh='${SHELL} /home/xliu/git/folly/build-aux/install-sh'
libdir='${exec_prefix}/lib'
libexecdir='${exec_prefix}/libexec'
localedir='${datarootdir}/locale'
localstatedir='${prefix}/var'
mandir='${datarootdir}/man'
mkdir_p='$(MKDIR_P)'
oldincludedir='/usr/include'
pdfdir='${docdir}'
prefix='/usr/local'
program_transform_name='s,x,x,'
psdir='${docdir}'
sbindir='${exec_prefix}/sbin'
sharedstatedir='${prefix}/com'
sysconfdir='${prefix}/etc'
target_alias=''

## ----------- ##
## confdefs.h. ##
## ----------- ##

/* confdefs.h */
#define PACKAGE_NAME "folly"
#define PACKAGE_TARNAME "folly"
#define PACKAGE_VERSION "15.0"
#define PACKAGE_STRING "folly 15.0"
#define PACKAGE_BUGREPORT "folly@fb.com"
#define PACKAGE_URL ""
#define PACKAGE "folly"
#define VERSION "15.0"
#define STDC_HEADERS 1
#define HAVE_SYS_TYPES_H 1
#define HAVE_SYS_STAT_H 1
#define HAVE_STDLIB_H 1
#define HAVE_STRING_H 1
#define HAVE_MEMORY_H 1
#define HAVE_STRINGS_H 1
#define HAVE_INTTYPES_H 1
#define HAVE_STDINT_H 1
#define HAVE_UNISTD_H 1
#define HAVE_DLFCN_H 1
#define LT_OBJDIR ".libs/"
#define HAVE_STDCXX_0X /**/
#define HAVE_LIBGLOG 1
#define HAVE_LIBGFLAGS 1
#define HAVE_LIBSSL 1
#define HAVE_BOOST /**/
#define HAVE_BOOST_THREAD /**/
#define HAVE_BOOST_REGEX /**/
#define HAVE_BOOST_SYSTEM /**/
#define HAVE_BOOST_FILESYSTEM /**/
#define STDC_HEADERS 1
#define HAVE_FCNTL_H 1
#define HAVE_FEATURES_H 1
#define HAVE_INTTYPES_H 1
#define HAVE_LIMITS_H 1
#define HAVE_STDINT_H 1
#define HAVE_STDLIB_H 1
#define HAVE_STRING_H 1
#define HAVE_SYS_TIME_H 1
#define HAVE_UNISTD_H 1
#define HAVE_MALLOC_H 1
#define HAVE_EMMINTRIN_H 1
#define HAVE_BYTESWAP_H 1
#define HAVE_BITS_FUNCTEXCEPT_H 1
#define HAVE_BITS_C__CONFIG_H 1
#define HAVE_LIBDOUBLE_CONVERSION 1
#define HAVE_LIBEVENT 1
#define HAVE_LIBJEMALLOC 1
#define HAVE_STDBOOL_H 1
#define TIME_WITH_SYS_TIME 1
#define HAVE_INT128_T 1
#define HAVE_PTRDIFF_T 1
#define HAVE_IFUNC 1
#define FINAL final
#define OVERRIDE override
#define HAVE_STD__THIS_THREAD__SLEEP_FOR 1
#define HAVE_CONSTEXPR_STRLEN 1
#define GFLAGS_NAMESPACE google
#define UNUSUAL_GFLAGS_NAMESPACE 1
#define HAVE_WEAK_SYMBOLS 1
#define HAVE_CPLUS_DEMANGLE_V3_CALLBACK 1
#define HAVE_CLOCK_GETTIME 1
#define HAVE_GETDELIM 1
#define HAVE_GETTIMEOFDAY 1
#define HAVE_MEMMOVE 1
#define HAVE_MEMSET 1
#define HAVE_POW 1
#define HAVE_STRERROR 1
#define HAVE_MALLOC_USABLE_SIZE 1
#define HAVE_MEMRCHR 1
#define HAVE_PIPE2 1
#define HAVE_SCHED_H 1
#define HAVE_SCHED_YIELD 1
#define HAVE_LIBLZ4 1
#define HAVE_LIBSNAPPY 1
#define HAVE_LIBZ 1
#define HAVE_LIBLZMA 1

configure: exit 0
